Log file open, 10/08/24 12:31:28
LogWindows: Failed to load 'aqProf.dll' (GetLastError=126)
LogWindows: File 'aqProf.dll' does not exist
LogWindows: Failed to load 'VtuneApi.dll' (GetLastError=126)
LogWindows: File 'VtuneApi.dll' does not exist
LogWindows: Failed to load 'VtuneApi32e.dll' (GetLastError=126)
LogWindows: File 'VtuneApi32e.dll' does not exist
LogConsoleResponse: Display: Failed to find resolution value strings in scalability ini. Falling back to default.
LogConsoleResponse: Display: Failed to find resolution value strings in scalability ini. Falling back to default.
LogInit: Display: Running engine for game: Runner
LogPlatformFile: Not using cached read wrapper
LogTaskGraph: Started task graph with 5 named threads and 23 total threads with 3 sets of task threads.
LogStats: Stats thread started at 4.800388
LogICUInternationalization: ICU TimeZone Detection - Raw Offset: +3:00, Platform Override: ''
LogInit: Display: Loading text-based GConfig....
LogPluginManager: Mounting plugin MeshPainting
LogPluginManager: Mounting plugin XGEController
LogPluginManager: Mounting plugin CameraShakePreviewer
LogPluginManager: Mounting plugin Paper2D
LogPluginManager: Mounting plugin LiveLink
LogPluginManager: Mounting plugin GameplayCameras
LogPluginManager: Mounting plugin LightPropagationVolume
LogPluginManager: Mounting plugin AISupport
LogPluginManager: Mounting plugin EnvironmentQueryEditor
LogPluginManager: Mounting plugin DatasmithContent
LogPluginManager: Mounting plugin VariantManagerContent
LogPluginManager: Mounting plugin OodleData
LogPluginManager: Mounting plugin OodleNetwork
LogPluginManager: Mounting plugin TcpMessaging
LogPluginManager: Mounting plugin UdpMessaging
LogPluginManager: Mounting plugin AssetManagerEditor
LogPluginManager: Mounting plugin CryptoKeys
LogPluginManager: Mounting plugin CurveEditorTools
LogPluginManager: Mounting plugin DataValidation
LogPluginManager: Mounting plugin FacialAnimation
LogPluginManager: Mounting plugin GameplayTagsEditor
LogPluginManager: Mounting plugin GeometryMode
LogPluginManager: Mounting plugin MacGraphicsSwitching
LogPluginManager: Mounting plugin MobileLauncherProfileWizard
LogPluginManager: Mounting plugin MaterialAnalyzer
LogPluginManager: Mounting plugin AnimationSharing
LogPluginManager: Mounting plugin Niagara
LogPluginManager: Mounting plugin SpeedTreeImporter
LogPluginManager: Mounting plugin CLionSourceCodeAccess
LogPluginManager: Mounting plugin PluginBrowser
LogPluginManager: Mounting plugin CodeLiteSourceCodeAccess
LogPluginManager: Mounting plugin KDevelopSourceCodeAccess
LogPluginManager: Mounting plugin GitSourceControl
LogPluginManager: Mounting plugin NullSourceCodeAccess
LogPluginManager: Mounting plugin PerforceSourceControl
LogPluginManager: Mounting plugin PixWinPlugin
LogPluginManager: Mounting plugin PlasticSourceControl
LogPluginManager: Mounting plugin PluginUtils
LogPluginManager: Mounting plugin PropertyAccessNode
LogPluginManager: Mounting plugin RiderSourceCodeAccess
LogPluginManager: Mounting plugin SubversionSourceControl
LogPluginManager: Mounting plugin TextureFormatOodle
LogPluginManager: Mounting plugin UObjectPlugin
LogPluginManager: Mounting plugin VisualStudioCodeSourceCodeAccess
LogPluginManager: Mounting plugin VisualStudioSourceCodeAccess
LogPluginManager: Mounting plugin XCodeSourceCodeAccess
LogPluginManager: Mounting plugin OnlineSubsystem
LogPluginManager: Mounting plugin OnlineSubsystemNull
LogPluginManager: Mounting plugin OnlineSubsystemUtils
LogPluginManager: Mounting plugin AndroidMedia
LogPluginManager: Mounting plugin AvfMedia
LogPluginManager: Mounting plugin ImgMedia
LogPluginManager: Mounting plugin MediaCompositing
LogPluginManager: Mounting plugin ActorSequence
LogPluginManager: Mounting plugin MediaPlayerEditor
LogPluginManager: Mounting plugin WebMMedia
LogPluginManager: Mounting plugin LevelSequenceEditor
LogPluginManager: Mounting plugin WmfMedia
LogPluginManager: Mounting plugin MatineeToLevelSequence
LogPluginManager: Mounting plugin LuminPlatformFeatures
LogPluginManager: Mounting plugin TemplateSequence
LogPluginManager: Mounting plugin MagicLeap
LogPluginManager: Mounting plugin MagicLeapMedia
LogPluginManager: Mounting plugin MLSDK
LogPluginManager: Mounting plugin AlembicImporter
LogPluginManager: Mounting plugin MagicLeapPassableWorld
LogPluginManager: Mounting plugin BackChannel
LogPluginManager: Mounting plugin AutomationUtils
LogPluginManager: Mounting plugin MagicLeapLightEstimation
LogPluginManager: Mounting plugin ChaosCloth
LogPluginManager: Mounting plugin ChaosEditor
LogPluginManager: Mounting plugin ChaosClothEditor
LogPluginManager: Mounting plugin ChaosSolverPlugin
LogPluginManager: Mounting plugin CharacterAI
LogPluginManager: Mounting plugin GeometryCache
LogPluginManager: Mounting plugin GeometryProcessing
LogPluginManager: Mounting plugin GeometryCollectionPlugin
LogPluginManager: Mounting plugin ChaosNiagara
LogPluginManager: Mounting plugin OpenImageDenoise
LogPluginManager: Mounting plugin PlatformCrypto
LogPluginManager: Mounting plugin PlanarCut
LogPluginManager: Mounting plugin ProxyLODPlugin
LogPluginManager: Mounting plugin MotoSynth
LogPluginManager: Mounting plugin SkeletalReduction
LogPluginManager: Mounting plugin PythonScriptPlugin
LogPluginManager: Mounting plugin LauncherChunkInstaller
LogPluginManager: Mounting plugin ScreenshotTools
LogPluginManager: Mounting plugin Takes
LogPluginManager: Mounting plugin AndroidDeviceProfileSelector
LogPluginManager: Mounting plugin AndroidMoviePlayer
LogPluginManager: Mounting plugin ActorLayerUtilities
LogPluginManager: Mounting plugin AndroidPermission
LogPluginManager: Mounting plugin AppleImageUtils
LogPluginManager: Mounting plugin AppleMoviePlayer
LogPluginManager: Mounting plugin ArchVisCharacter
LogPluginManager: Mounting plugin AssetTags
LogPluginManager: Mounting plugin AudioCapture
LogPluginManager: Mounting plugin AudioSynesthesia
LogPluginManager: Mounting plugin ChunkDownloader
LogPluginManager: Mounting plugin CableComponent
LogPluginManager: Mounting plugin CustomMeshComponent
LogPluginManager: Mounting plugin EditableMesh
LogPluginManager: Mounting plugin ExampleDeviceProfileSelector
LogPluginManager: Mounting plugin GooglePAD
LogPluginManager: Mounting plugin GoogleCloudMessaging
LogPluginManager: Mounting plugin IOSDeviceProfileSelector
LogPluginManager: Mounting plugin LinuxDeviceProfileSelector
LogPluginManager: Mounting plugin LocationServicesBPLibrary
LogPluginManager: Mounting plugin MobilePatchingUtils
LogPluginManager: Mounting plugin OpenXR
LogPluginManager: Mounting plugin OpenXREyeTracker
LogPluginManager: Mounting plugin OpenXRHandTracking
LogPluginManager: Mounting plugin PhysXVehicles
LogPluginManager: Mounting plugin PostSplashScreen
LogPluginManager: Mounting plugin ProceduralMeshComponent
LogPluginManager: Mounting plugin PropertyAccessEditor
LogPluginManager: Mounting plugin RuntimePhysXCooking
LogPluginManager: Mounting plugin SignificanceManager
LogPluginManager: Mounting plugin SoundFields
LogPluginManager: Mounting plugin Synthesis
LogPluginManager: Mounting plugin WebMMoviePlayer
LogPluginManager: Mounting plugin WindowsMoviePlayer
LogPluginManager: Mounting plugin ContentBrowserAssetDataSource
LogPluginManager: Mounting plugin ContentBrowserClassDataSource
LogPluginManager: Mounting plugin ContentBrowserFileDataSource
LogPluginManager: Mounting plugin OnlineSubsystemGooglePlay
LogPluginManager: Mounting plugin OnlineSubsystemIOS
LogPluginManager: Mounting plugin OculusVR
LogPluginManager: Mounting plugin SteamVR
PixWinPlugin: PIX capture plugin failed to initialize! Check that the process is launched from PIX.
LogInit: Using libcurl 7.55.1-DEV
LogInit:  - built for x86_64-pc-win32
LogInit:  - supports SSL with OpenSSL/1.1.1
LogInit:  - supports HTTP deflate (compression) using libz 1.2.8
LogInit:  - other features:
LogInit:      CURL_VERSION_SSL
LogInit:      CURL_VERSION_LIBZ
LogInit:      CURL_VERSION_IPV6
LogInit:      CURL_VERSION_ASYNCHDNS
LogInit:      CURL_VERSION_LARGEFILE
LogInit:      CURL_VERSION_IDN
LogInit:  CurlRequestOptions (configurable via config and command line):
LogInit:  - bVerifyPeer = true  - Libcurl will verify peer certificate
LogInit:  - bUseHttpProxy = false  - Libcurl will NOT use HTTP proxy
LogInit:  - bDontReuseConnections = false  - Libcurl will reuse connections
LogInit:  - MaxHostConnections = 16  - Libcurl will limit the number of connections to a host
LogInit:  - LocalHostAddr = Default
LogInit:  - BufferSize = 65536
LogOnline: OSS: Creating online subsystem instance for: NULL
LogInit: WinSock: version 1.1 (2.2), MaxSocks=32767, MaxUdp=65467
LogOnline: OSS: TryLoadSubsystemAndSetDefault: Loaded subsystem for module [NULL]
LogOculusPluginWrapper: OculusPlugin initialized successfully
LogHMD: Failed initializing OVRPlugin 1.59.0
LogInit: Build: ++UE4+Release-4.27-CL-18319896
LogInit: Engine Version: 4.27.2-18319896+++UE4+Release-4.27
LogInit: Compatible Engine Version: 4.27.0-17155196+++UE4+Release-4.27
LogInit: Net CL: 17155196
LogInit: OS: Windows 10 (Release 2009) (), CPU: Intel(R) Core(TM) i7-6700 CPU @ 3.40GHz, GPU: Intel(R) HD Graphics 530
LogInit: Compiled (64-bit): Nov 30 2021 07:12:08
LogInit: Compiled with Visual C++: 19.24.28315.00
LogInit: Build Configuration: Development
LogInit: Branch Name: ++UE4+Release-4.27
LogInit: Command Line: 
LogInit: Base Directory: D:/UE_4.27/Engine/Binaries/Win64/
LogInit: Allocator: TBB
LogInit: Installed Engine Build: 1
LogDevObjectVersion: Number of dev versions registered: 29
LogDevObjectVersion:   Dev-Blueprints (B0D832E4-1F89-4F0D-ACCF-7EB736FD4AA2): 10
LogDevObjectVersion:   Dev-Build (E1C64328-A22C-4D53-A36C-8E866417BD8C): 0
LogDevObjectVersion:   Dev-Core (375EC13C-06E4-48FB-B500-84F0262A717E): 4
LogDevObjectVersion:   Dev-Editor (E4B068ED-F494-42E9-A231-DA0B2E46BB41): 40
LogDevObjectVersion:   Dev-Framework (CFFC743F-43B0-4480-9391-14DF171D2073): 37
LogDevObjectVersion:   Dev-Mobile (B02B49B5-BB20-44E9-A304-32B752E40360): 3
LogDevObjectVersion:   Dev-Networking (A4E4105C-59A1-49B5-A7C5-40C4547EDFEE): 0
LogDevObjectVersion:   Dev-Online (39C831C9-5AE6-47DC-9A44-9C173E1C8E7C): 0
LogDevObjectVersion:   Dev-Physics (78F01B33-EBEA-4F98-B9B4-84EACCB95AA2): 14
LogDevObjectVersion:   Dev-Platform (6631380F-2D4D-43E0-8009-CF276956A95A): 0
LogDevObjectVersion:   Dev-Rendering (12F88B9F-8875-4AFC-A67C-D90C383ABD29): 45
LogDevObjectVersion:   Dev-Sequencer (7B5AE74C-D270-4C10-A958-57980B212A5A): 13
LogDevObjectVersion:   Dev-VR (D7296918-1DD6-4BDD-9DE2-64A83CC13884): 3
LogDevObjectVersion:   Dev-LoadTimes (C2A15278-BFE7-4AFE-6C17-90FF531DF755): 1
LogDevObjectVersion:   Private-Geometry (6EACA3D4-40EC-4CC1-B786-8BED09428FC5): 3
LogDevObjectVersion:   Dev-AnimPhys (29E575DD-E0A3-4627-9D10-D276232CDCEA): 17
LogDevObjectVersion:   Dev-Anim (AF43A65D-7FD3-4947-9873-3E8ED9C1BB05): 15
LogDevObjectVersion:   Dev-ReflectionCapture (6B266CEC-1EC7-4B8F-A30B-E4D90942FC07): 1
LogDevObjectVersion:   Dev-Automation (0DF73D61-A23F-47EA-B727-89E90C41499A): 1
LogDevObjectVersion:   FortniteMain (601D1886-AC64-4F84-AA16-D3DE0DEAC7D6): 47
LogDevObjectVersion:   FortniteRelease (E7086368-6B23-4C58-8439-1B7016265E91): 1
LogDevObjectVersion:   Dev-Enterprise (9DFFBCD6-494F-0158-E221-12823C92A888): 10
LogDevObjectVersion:   Dev-Niagara (F2AED0AC-9AFE-416F-8664-AA7FFA26D6FC): 1
LogDevObjectVersion:   Dev-Destruction (174F1F0B-B4C6-45A5-B13F-2EE8D0FB917D): 10
LogDevObjectVersion:   Dev-Physics-Ext (35F94A83-E258-406C-A318-09F59610247C): 41
LogDevObjectVersion:   Dev-PhysicsMaterial-Chaos (B68FC16E-8B1B-42E2-B453-215C058844FE): 1
LogDevObjectVersion:   Dev-CineCamera (B2E18506-4273-CFC2-A54E-F4BB758BBA07): 1
LogDevObjectVersion:   Dev-VirtualProduction (64F58936-FD1B-42BA-BA96-7289D5D0FA4E): 1
LogDevObjectVersion:   Dev-MediaFramework (6F0ED827-A609-4895-9C91-998D90180EA4): 2
LogInit: Presizing for max 25165824 objects, including 0 objects not considered by GC, pre-allocating 0 bytes for permanent pool.
LogConfig: Applying CVar settings from Section [/Script/Engine.StreamingSettings] File [C:/Users/letsg/Documents/GitHub/Runner/Runner/Saved/Config/Windows/Engine.ini]
LogConfig: Setting CVar [[s.MinBulkDataSizeForAsyncLoading:131072]]
LogConfig: Setting CVar [[s.AsyncLoadingThreadEnabled:0]]
LogConfig: Setting CVar [[s.EventDrivenLoaderEnabled:1]]
LogConfig: Setting CVar [[s.WarnIfTimeLimitExceeded:0]]
LogConfig: Setting CVar [[s.TimeLimitExceededMultiplier:1.5]]
LogConfig: Setting CVar [[s.TimeLimitExceededMinTime:0.005]]
LogConfig: Setting CVar [[s.UseBackgroundLevelStreaming:1]]
LogConfig: Setting CVar [[s.PriorityAsyncLoadingExtraTime:15.0]]
LogConfig: Setting CVar [[s.LevelStreamingActorsUpdateTimeLimit:5.0]]
LogConfig: Setting CVar [[s.PriorityLevelStreamingActorsUpdateExtraTime:5.0]]
LogConfig: Setting CVar [[s.LevelStreamingComponentsRegistrationGranularity:10]]
LogConfig: Setting CVar [[s.UnregisterComponentsTimeLimit:1.0]]
LogConfig: Setting CVar [[s.LevelStreamingComponentsUnregistrationGranularity:5]]
LogConfig: Setting CVar [[s.FlushStreamingOnExit:1]]
LogInit: Object subsystem initialized
LogConfig: Setting CVar [[con.DebugEarlyDefault:1]]
LogConfig: Setting CVar [[r.setres:1280x720]]
[2024.10.08-09.31.34:650][  0]LogConfig: Setting CVar [[r.VSync:0]]
[2024.10.08-09.31.34:650][  0]LogConfig: Setting CVar [[r.RHICmdBypass:0]]
[2024.10.08-09.31.34:650][  0]LogConfig: Applying CVar settings from Section [/Script/Engine.RendererSettings] File [C:/Users/letsg/Documents/GitHub/Runner/Runner/Saved/Config/Windows/Engine.ini]
[2024.10.08-09.31.34:650][  0]LogConfig: Setting CVar [[r.GPUCrashDebugging:0]]
[2024.10.08-09.31.34:650][  0]LogConfig: Applying CVar settings from Section [/Script/Engine.RendererOverrideSettings] File [C:/Users/letsg/Documents/GitHub/Runner/Runner/Saved/Config/Windows/Engine.ini]
[2024.10.08-09.31.34:650][  0]LogConfig: Applying CVar settings from Section [/Script/Engine.StreamingSettings] File [C:/Users/letsg/Documents/GitHub/Runner/Runner/Saved/Config/Windows/Engine.ini]
[2024.10.08-09.31.34:650][  0]LogConfig: Setting CVar [[s.MinBulkDataSizeForAsyncLoading:131072]]
[2024.10.08-09.31.34:650][  0]LogConfig: Setting CVar [[s.AsyncLoadingThreadEnabled:0]]
[2024.10.08-09.31.34:650][  0]LogConfig: Setting CVar [[s.EventDrivenLoaderEnabled:1]]
[2024.10.08-09.31.34:651][  0]LogConfig: Setting CVar [[s.WarnIfTimeLimitExceeded:0]]
[2024.10.08-09.31.34:651][  0]LogConfig: Setting CVar [[s.TimeLimitExceededMultiplier:1.5]]
[2024.10.08-09.31.34:651][  0]LogConfig: Setting CVar [[s.TimeLimitExceededMinTime:0.005]]
[2024.10.08-09.31.34:651][  0]LogConfig: Setting CVar [[s.UseBackgroundLevelStreaming:1]]
[2024.10.08-09.31.34:651][  0]LogConfig: Setting CVar [[s.PriorityAsyncLoadingExtraTime:15.0]]
[2024.10.08-09.31.34:651][  0]LogConfig: Setting CVar [[s.LevelStreamingActorsUpdateTimeLimit:5.0]]
[2024.10.08-09.31.34:651][  0]LogConfig: Setting CVar [[s.PriorityLevelStreamingActorsUpdateExtraTime:5.0]]
[2024.10.08-09.31.34:651][  0]LogConfig: Setting CVar [[s.LevelStreamingComponentsRegistrationGranularity:10]]
[2024.10.08-09.31.34:651][  0]LogConfig: Setting CVar [[s.UnregisterComponentsTimeLimit:1.0]]
[2024.10.08-09.31.34:651][  0]LogConfig: Setting CVar [[s.LevelStreamingComponentsUnregistrationGranularity:5]]
[2024.10.08-09.31.34:651][  0]LogConfig: Setting CVar [[s.FlushStreamingOnExit:1]]
[2024.10.08-09.31.34:651][  0]LogConfig: Applying CVar settings from Section [/Script/Engine.GarbageCollectionSettings] File [C:/Users/letsg/Documents/GitHub/Runner/Runner/Saved/Config/Windows/Engine.ini]
[2024.10.08-09.31.34:651][  0]LogConfig: Setting CVar [[gc.MaxObjectsNotConsideredByGC:1]]
[2024.10.08-09.31.34:651][  0]LogConfig: Setting CVar [[gc.SizeOfPermanentObjectPool:0]]
[2024.10.08-09.31.34:651][  0]LogConfig: Setting CVar [[gc.FlushStreamingOnGC:0]]
[2024.10.08-09.31.34:651][  0]LogConfig: Setting CVar [[gc.NumRetriesBeforeForcingGC:10]]
[2024.10.08-09.31.34:651][  0]LogConfig: Setting CVar [[gc.AllowParallelGC:1]]
[2024.10.08-09.31.34:651][  0]LogConfig: Setting CVar [[gc.TimeBetweenPurgingPendingKillObjects:61.1]]
[2024.10.08-09.31.34:651][  0]LogConfig: Setting CVar [[gc.MaxObjectsInEditor:25165824]]
[2024.10.08-09.31.34:651][  0]LogConfig: Setting CVar [[gc.IncrementalBeginDestroyEnabled:1]]
[2024.10.08-09.31.34:651][  0]LogConfig: Setting CVar [[gc.CreateGCClusters:1]]
[2024.10.08-09.31.34:651][  0]LogConfig: Setting CVar [[gc.MinGCClusterSize:5]]
[2024.10.08-09.31.34:651][  0]LogConfig: Setting CVar [[gc.ActorClusteringEnabled:0]]
[2024.10.08-09.31.34:651][  0]LogConfig: Setting CVar [[gc.BlueprintClusteringEnabled:0]]
[2024.10.08-09.31.34:651][  0]LogConfig: Setting CVar [[gc.UseDisregardForGCOnDedicatedServers:0]]
[2024.10.08-09.31.34:651][  0]LogConfig: Setting CVar [[gc.MultithreadedDestructionEnabled:1]]
[2024.10.08-09.31.34:651][  0]LogConfig: Applying CVar settings from Section [/Script/Engine.NetworkSettings] File [C:/Users/letsg/Documents/GitHub/Runner/Runner/Saved/Config/Windows/Engine.ini]
[2024.10.08-09.31.34:651][  0]LogConfig: Applying CVar settings from Section [/Script/UnrealEd.CookerSettings] File [C:/Users/letsg/Documents/GitHub/Runner/Runner/Saved/Config/Windows/Engine.ini]
[2024.10.08-09.31.34:754][  0]LogConfig: Applying CVar settings from Section [ViewDistanceQuality@3] File [C:/Users/letsg/Documents/GitHub/Runner/Runner/Saved/Config/Windows/Scalability.ini]
[2024.10.08-09.31.34:754][  0]LogConfig: Setting CVar [[r.SkeletalMeshLODBias:0]]
[2024.10.08-09.31.34:754][  0]LogConfig: Setting CVar [[r.ViewDistanceScale:1.0]]
[2024.10.08-09.31.34:754][  0]LogConfig: Applying CVar settings from Section [AntiAliasingQuality@3] File [C:/Users/letsg/Documents/GitHub/Runner/Runner/Saved/Config/Windows/Scalability.ini]
[2024.10.08-09.31.34:754][  0]LogConfig: Setting CVar [[r.PostProcessAAQuality:4]]
[2024.10.08-09.31.34:754][  0]LogConfig: Applying CVar settings from Section [ShadowQuality@3] File [C:/Users/letsg/Documents/GitHub/Runner/Runner/Saved/Config/Windows/Scalability.ini]
[2024.10.08-09.31.34:754][  0]LogConfig: Setting CVar [[r.LightFunctionQuality:1]]
[2024.10.08-09.31.34:754][  0]LogConfig: Setting CVar [[r.ShadowQuality:5]]
[2024.10.08-09.31.34:754][  0]LogConfig: Setting CVar [[r.Shadow.CSM.MaxCascades:10]]
[2024.10.08-09.31.34:754][  0]LogConfig: Setting CVar [[r.Shadow.MaxResolution:2048]]
[2024.10.08-09.31.34:754][  0]LogConfig: Setting CVar [[r.Shadow.MaxCSMResolution:2048]]
[2024.10.08-09.31.34:754][  0]LogConfig: Setting CVar [[r.Shadow.RadiusThreshold:0.01]]
[2024.10.08-09.31.34:754][  0]LogConfig: Setting CVar [[r.Shadow.DistanceScale:1.0]]
[2024.10.08-09.31.34:754][  0]LogConfig: Setting CVar [[r.Shadow.CSM.TransitionScale:1.0]]
[2024.10.08-09.31.34:754][  0]LogConfig: Setting CVar [[r.Shadow.PreShadowResolutionFactor:1.0]]
[2024.10.08-09.31.34:754][  0]LogConfig: Setting CVar [[r.DistanceFieldShadowing:1]]
[2024.10.08-09.31.34:754][  0]LogConfig: Setting CVar [[r.DistanceFieldAO:1]]
[2024.10.08-09.31.34:754][  0]LogConfig: Setting CVar [[r.AOQuality:2]]
[2024.10.08-09.31.34:754][  0]LogConfig: Setting CVar [[r.VolumetricFog:1]]
[2024.10.08-09.31.34:754][  0]LogConfig: Setting CVar [[r.VolumetricFog.GridPixelSize:8]]
[2024.10.08-09.31.34:754][  0]LogConfig: Setting CVar [[r.VolumetricFog.GridSizeZ:128]]
[2024.10.08-09.31.34:754][  0]LogConfig: Setting CVar [[r.VolumetricFog.HistoryMissSupersampleCount:4]]
[2024.10.08-09.31.34:754][  0]LogConfig: Setting CVar [[r.LightMaxDrawDistanceScale:1]]
[2024.10.08-09.31.34:754][  0]LogConfig: Setting CVar [[r.CapsuleShadows:1]]
[2024.10.08-09.31.34:754][  0]LogConfig: Applying CVar settings from Section [PostProcessQuality@3] File [C:/Users/letsg/Documents/GitHub/Runner/Runner/Saved/Config/Windows/Scalability.ini]
[2024.10.08-09.31.34:754][  0]LogConfig: Setting CVar [[r.MotionBlurQuality:4]]
[2024.10.08-09.31.34:754][  0]LogConfig: Setting CVar [[r.AmbientOcclusionMipLevelFactor:0.4]]
[2024.10.08-09.31.34:754][  0]LogConfig: Setting CVar [[r.AmbientOcclusionMaxQuality:100]]
[2024.10.08-09.31.34:754][  0]LogConfig: Setting CVar [[r.AmbientOcclusionLevels:-1]]
[2024.10.08-09.31.34:754][  0]LogConfig: Setting CVar [[r.AmbientOcclusionRadiusScale:1.0]]
[2024.10.08-09.31.34:754][  0]LogConfig: Setting CVar [[r.DepthOfFieldQuality:2]]
[2024.10.08-09.31.34:754][  0]LogConfig: Setting CVar [[r.RenderTargetPoolMin:400]]
[2024.10.08-09.31.34:754][  0]LogConfig: Setting CVar [[r.LensFlareQuality:2]]
[2024.10.08-09.31.34:754][  0]LogConfig: Setting CVar [[r.SceneColorFringeQuality:1]]
[2024.10.08-09.31.34:754][  0]LogConfig: Setting CVar [[r.EyeAdaptationQuality:2]]
[2024.10.08-09.31.34:754][  0]LogConfig: Setting CVar [[r.BloomQuality:5]]
[2024.10.08-09.31.34:754][  0]LogConfig: Setting CVar [[r.FastBlurThreshold:100]]
[2024.10.08-09.31.34:754][  0]LogConfig: Setting CVar [[r.Upscale.Quality:3]]
[2024.10.08-09.31.34:754][  0]LogConfig: Setting CVar [[r.Tonemapper.GrainQuantization:1]]
[2024.10.08-09.31.34:754][  0]LogConfig: Setting CVar [[r.LightShaftQuality:1]]
[2024.10.08-09.31.34:754][  0]LogConfig: Setting CVar [[r.Filter.SizeScale:1]]
[2024.10.08-09.31.34:754][  0]LogConfig: Setting CVar [[r.Tonemapper.Quality:5]]
[2024.10.08-09.31.34:754][  0]LogConfig: Setting CVar [[r.DOF.Gather.AccumulatorQuality:1        ; higher gathering accumulator quality]]
[2024.10.08-09.31.34:754][  0]LogConfig: Setting CVar [[r.DOF.Gather.PostfilterMethod:1          ; Median3x3 postfilering method]]
[2024.10.08-09.31.34:754][  0]LogConfig: Setting CVar [[r.DOF.Gather.EnableBokehSettings:0       ; no bokeh simulation when gathering]]
[2024.10.08-09.31.34:754][  0]LogConfig: Setting CVar [[r.DOF.Gather.RingCount:4                 ; medium number of samples when gathering]]
[2024.10.08-09.31.34:754][  0]LogConfig: Setting CVar [[r.DOF.Scatter.ForegroundCompositing:1    ; additive foreground scattering]]
[2024.10.08-09.31.34:754][  0]LogConfig: Setting CVar [[r.DOF.Scatter.BackgroundCompositing:2    ; additive background scattering]]
[2024.10.08-09.31.34:754][  0]LogConfig: Setting CVar [[r.DOF.Scatter.EnableBokehSettings:1      ; bokeh simulation when scattering]]
[2024.10.08-09.31.34:754][  0]LogConfig: Setting CVar [[r.DOF.Scatter.MaxSpriteRatio:0.1         ; only a maximum of 10% of scattered bokeh]]
[2024.10.08-09.31.34:755][  0]LogConfig: Setting CVar [[r.DOF.Recombine.Quality:1                ; cheap slight out of focus]]
[2024.10.08-09.31.34:755][  0]LogConfig: Setting CVar [[r.DOF.Recombine.EnableBokehSettings:0    ; no bokeh simulation on slight out of focus]]
[2024.10.08-09.31.34:755][  0]LogConfig: Setting CVar [[r.DOF.TemporalAAQuality:1                ; more stable temporal accumulation]]
[2024.10.08-09.31.34:755][  0]LogConfig: Setting CVar [[r.DOF.Kernel.MaxForegroundRadius:0.025]]
[2024.10.08-09.31.34:755][  0]LogConfig: Setting CVar [[r.DOF.Kernel.MaxBackgroundRadius:0.025]]
[2024.10.08-09.31.34:755][  0]LogConfig: Applying CVar settings from Section [TextureQuality@3] File [C:/Users/letsg/Documents/GitHub/Runner/Runner/Saved/Config/Windows/Scalability.ini]
[2024.10.08-09.31.34:755][  0]LogConfig: Setting CVar [[r.Streaming.MipBias:0]]
[2024.10.08-09.31.34:755][  0]LogConfig: Setting CVar [[r.Streaming.AmortizeCPUToGPUCopy:0]]
[2024.10.08-09.31.34:755][  0]LogConfig: Setting CVar [[r.Streaming.MaxNumTexturesToStreamPerFrame:0]]
[2024.10.08-09.31.34:755][  0]LogConfig: Setting CVar [[r.Streaming.Boost:1]]
[2024.10.08-09.31.34:755][  0]LogConfig: Setting CVar [[r.MaxAnisotropy:8]]
[2024.10.08-09.31.34:755][  0]LogConfig: Setting CVar [[r.VT.MaxAnisotropy:8]]
[2024.10.08-09.31.34:755][  0]LogConfig: Setting CVar [[r.Streaming.LimitPoolSizeToVRAM:0]]
[2024.10.08-09.31.34:755][  0]LogConfig: Setting CVar [[r.Streaming.PoolSize:1000]]
[2024.10.08-09.31.34:755][  0]LogConfig: Setting CVar [[r.Streaming.MaxEffectiveScreenSize:0]]
[2024.10.08-09.31.34:755][  0]LogConfig: Applying CVar settings from Section [EffectsQuality@3] File [C:/Users/letsg/Documents/GitHub/Runner/Runner/Saved/Config/Windows/Scalability.ini]
[2024.10.08-09.31.34:755][  0]LogConfig: Setting CVar [[r.TranslucencyLightingVolumeDim:64]]
[2024.10.08-09.31.34:755][  0]LogConfig: Setting CVar [[r.RefractionQuality:2]]
[2024.10.08-09.31.34:755][  0]LogConfig: Setting CVar [[r.SSR.Quality:3]]
[2024.10.08-09.31.34:755][  0]LogConfig: Setting CVar [[r.SSR.HalfResSceneColor:0]]
[2024.10.08-09.31.34:755][  0]LogConfig: Setting CVar [[r.SceneColorFormat:4]]
[2024.10.08-09.31.34:755][  0]LogConfig: Setting CVar [[r.DetailMode:2]]
[2024.10.08-09.31.34:755][  0]LogConfig: Setting CVar [[r.TranslucencyVolumeBlur:1]]
[2024.10.08-09.31.34:755][  0]LogConfig: Setting CVar [[r.MaterialQualityLevel:1 ; High quality]]
[2024.10.08-09.31.34:755][  0]LogConfig: Setting CVar [[r.AnisotropicMaterials:1]]
[2024.10.08-09.31.34:755][  0]LogConfig: Setting CVar [[r.SSS.Scale:1]]
[2024.10.08-09.31.34:755][  0]LogConfig: Setting CVar [[r.SSS.SampleSet:2]]
[2024.10.08-09.31.34:755][  0]LogConfig: Setting CVar [[r.SSS.Quality:1]]
[2024.10.08-09.31.34:755][  0]LogConfig: Setting CVar [[r.SSS.HalfRes:0]]
[2024.10.08-09.31.34:755][  0]LogConfig: Setting CVar [[r.SSGI.Quality:3]]
[2024.10.08-09.31.34:755][  0]LogConfig: Setting CVar [[r.EmitterSpawnRateScale:1.0]]
[2024.10.08-09.31.34:755][  0]LogConfig: Setting CVar [[r.ParticleLightQuality:2]]
[2024.10.08-09.31.34:755][  0]LogConfig: Setting CVar [[r.SkyAtmosphere.AerialPerspectiveLUT.FastApplyOnOpaque:1 ; Always have FastSkyLUT 1 in this case to avoid wrong sky]]
[2024.10.08-09.31.34:755][  0]LogConfig: Setting CVar [[r.SkyAtmosphere.AerialPerspectiveLUT.SampleCountMaxPerSlice:4]]
[2024.10.08-09.31.34:755][  0]LogConfig: Setting CVar [[r.SkyAtmosphere.AerialPerspectiveLUT.DepthResolution:16.0]]
[2024.10.08-09.31.34:755][  0]LogConfig: Setting CVar [[r.SkyAtmosphere.FastSkyLUT:1]]
[2024.10.08-09.31.34:755][  0]LogConfig: Setting CVar [[r.SkyAtmosphere.FastSkyLUT.SampleCountMin:4.0]]
[2024.10.08-09.31.34:755][  0]LogConfig: Setting CVar [[r.SkyAtmosphere.FastSkyLUT.SampleCountMax:128.0]]
[2024.10.08-09.31.34:755][  0]LogConfig: Setting CVar [[r.SkyAtmosphere.SampleCountMin:4.0]]
[2024.10.08-09.31.34:755][  0]LogConfig: Setting CVar [[r.SkyAtmosphere.SampleCountMax:128.0]]
[2024.10.08-09.31.34:755][  0]LogConfig: Setting CVar [[r.SkyAtmosphere.TransmittanceLUT.UseSmallFormat:0]]
[2024.10.08-09.31.34:755][  0]LogConfig: Setting CVar [[r.SkyAtmosphere.TransmittanceLUT.SampleCount:10.0]]
[2024.10.08-09.31.34:755][  0]LogConfig: Setting CVar [[r.SkyAtmosphere.MultiScatteringLUT.SampleCount:15.0]]
[2024.10.08-09.31.34:755][  0]LogConfig: Setting CVar [[r.SkyLight.RealTimeReflectionCapture:1]]
[2024.10.08-09.31.34:755][  0]LogConfig: Applying CVar settings from Section [FoliageQuality@3] File [C:/Users/letsg/Documents/GitHub/Runner/Runner/Saved/Config/Windows/Scalability.ini]
[2024.10.08-09.31.34:755][  0]LogConfig: Setting CVar [[foliage.DensityScale:1.0]]
[2024.10.08-09.31.34:755][  0]LogConfig: Setting CVar [[grass.DensityScale:1.0]]
[2024.10.08-09.31.34:755][  0]LogConfig: Applying CVar settings from Section [ShadingQuality@3] File [C:/Users/letsg/Documents/GitHub/Runner/Runner/Saved/Config/Windows/Scalability.ini]
[2024.10.08-09.31.34:755][  0]LogConfig: Setting CVar [[r.HairStrands.SkyLighting.IntegrationType:2]]
[2024.10.08-09.31.34:755][  0]LogConfig: Setting CVar [[r.HairStrands.SkyAO.SampleCount:4]]
[2024.10.08-09.31.34:755][  0]LogConfig: Setting CVar [[r.HairStrands.Visibility.MSAA.SamplePerPixel:4]]
[2024.10.08-09.31.34:759][  0]LogInit: Selected Device Profile: [Windows]
[2024.10.08-09.31.34:764][  0]LogInit: Applying CVar settings loaded from the selected device profile: [Windows]
[2024.10.08-09.31.34:771][  0]LogHAL: Display: Platform has ~ 32 GB [34231119872 / 34359738368 / 32], which maps to Largest [LargestMinGB=32, LargerMinGB=12, DefaultMinGB=8, SmallerMinGB=6, SmallestMinGB=0)
[2024.10.08-09.31.34:771][  0]LogInit: Going up to parent DeviceProfile []
[2024.10.08-09.31.34:781][  0]LogConfig: Applying CVar settings from Section [ViewDistanceQuality@3] File [C:/Users/letsg/Documents/GitHub/Runner/Runner/Saved/Config/Windows/Scalability.ini]
[2024.10.08-09.31.34:781][  0]LogConfig: Setting CVar [[r.SkeletalMeshLODBias:0]]
[2024.10.08-09.31.34:781][  0]LogConfig: Setting CVar [[r.ViewDistanceScale:1.0]]
[2024.10.08-09.31.34:781][  0]LogConfig: Applying CVar settings from Section [AntiAliasingQuality@3] File [C:/Users/letsg/Documents/GitHub/Runner/Runner/Saved/Config/Windows/Scalability.ini]
[2024.10.08-09.31.34:781][  0]LogConfig: Setting CVar [[r.PostProcessAAQuality:4]]
[2024.10.08-09.31.34:781][  0]LogConfig: Applying CVar settings from Section [ShadowQuality@3] File [C:/Users/letsg/Documents/GitHub/Runner/Runner/Saved/Config/Windows/Scalability.ini]
[2024.10.08-09.31.34:781][  0]LogConfig: Setting CVar [[r.LightFunctionQuality:1]]
[2024.10.08-09.31.34:781][  0]LogConfig: Setting CVar [[r.ShadowQuality:5]]
[2024.10.08-09.31.34:781][  0]LogConfig: Setting CVar [[r.Shadow.CSM.MaxCascades:10]]
[2024.10.08-09.31.34:781][  0]LogConfig: Setting CVar [[r.Shadow.MaxResolution:2048]]
[2024.10.08-09.31.34:781][  0]LogConfig: Setting CVar [[r.Shadow.MaxCSMResolution:2048]]
[2024.10.08-09.31.34:781][  0]LogConfig: Setting CVar [[r.Shadow.RadiusThreshold:0.01]]
[2024.10.08-09.31.34:781][  0]LogConfig: Setting CVar [[r.Shadow.DistanceScale:1.0]]
[2024.10.08-09.31.34:781][  0]LogConfig: Setting CVar [[r.Shadow.CSM.TransitionScale:1.0]]
[2024.10.08-09.31.34:781][  0]LogConfig: Setting CVar [[r.Shadow.PreShadowResolutionFactor:1.0]]
[2024.10.08-09.31.34:781][  0]LogConfig: Setting CVar [[r.DistanceFieldShadowing:1]]
[2024.10.08-09.31.34:781][  0]LogConfig: Setting CVar [[r.DistanceFieldAO:1]]
[2024.10.08-09.31.34:781][  0]LogConfig: Setting CVar [[r.AOQuality:2]]
[2024.10.08-09.31.34:781][  0]LogConfig: Setting CVar [[r.VolumetricFog:1]]
[2024.10.08-09.31.34:781][  0]LogConfig: Setting CVar [[r.VolumetricFog.GridPixelSize:8]]
[2024.10.08-09.31.34:781][  0]LogConfig: Setting CVar [[r.VolumetricFog.GridSizeZ:128]]
[2024.10.08-09.31.34:781][  0]LogConfig: Setting CVar [[r.VolumetricFog.HistoryMissSupersampleCount:4]]
[2024.10.08-09.31.34:781][  0]LogConfig: Setting CVar [[r.LightMaxDrawDistanceScale:1]]
[2024.10.08-09.31.34:781][  0]LogConfig: Setting CVar [[r.CapsuleShadows:1]]
[2024.10.08-09.31.34:781][  0]LogConfig: Applying CVar settings from Section [PostProcessQuality@3] File [C:/Users/letsg/Documents/GitHub/Runner/Runner/Saved/Config/Windows/Scalability.ini]
[2024.10.08-09.31.34:781][  0]LogConfig: Setting CVar [[r.MotionBlurQuality:4]]
[2024.10.08-09.31.34:781][  0]LogConfig: Setting CVar [[r.AmbientOcclusionMipLevelFactor:0.4]]
[2024.10.08-09.31.34:781][  0]LogConfig: Setting CVar [[r.AmbientOcclusionMaxQuality:100]]
[2024.10.08-09.31.34:781][  0]LogConfig: Setting CVar [[r.AmbientOcclusionLevels:-1]]
[2024.10.08-09.31.34:781][  0]LogConfig: Setting CVar [[r.AmbientOcclusionRadiusScale:1.0]]
[2024.10.08-09.31.34:781][  0]LogConfig: Setting CVar [[r.DepthOfFieldQuality:2]]
[2024.10.08-09.31.34:781][  0]LogConfig: Setting CVar [[r.RenderTargetPoolMin:400]]
[2024.10.08-09.31.34:781][  0]LogConfig: Setting CVar [[r.LensFlareQuality:2]]
[2024.10.08-09.31.34:781][  0]LogConfig: Setting CVar [[r.SceneColorFringeQuality:1]]
[2024.10.08-09.31.34:781][  0]LogConfig: Setting CVar [[r.EyeAdaptationQuality:2]]
[2024.10.08-09.31.34:781][  0]LogConfig: Setting CVar [[r.BloomQuality:5]]
[2024.10.08-09.31.34:781][  0]LogConfig: Setting CVar [[r.FastBlurThreshold:100]]
[2024.10.08-09.31.34:781][  0]LogConfig: Setting CVar [[r.Upscale.Quality:3]]
[2024.10.08-09.31.34:781][  0]LogConfig: Setting CVar [[r.Tonemapper.GrainQuantization:1]]
[2024.10.08-09.31.34:781][  0]LogConfig: Setting CVar [[r.LightShaftQuality:1]]
[2024.10.08-09.31.34:781][  0]LogConfig: Setting CVar [[r.Filter.SizeScale:1]]
[2024.10.08-09.31.34:781][  0]LogConfig: Setting CVar [[r.Tonemapper.Quality:5]]
[2024.10.08-09.31.34:781][  0]LogConfig: Setting CVar [[r.DOF.Gather.AccumulatorQuality:1        ; higher gathering accumulator quality]]
[2024.10.08-09.31.34:781][  0]LogConfig: Setting CVar [[r.DOF.Gather.PostfilterMethod:1          ; Median3x3 postfilering method]]
[2024.10.08-09.31.34:781][  0]LogConfig: Setting CVar [[r.DOF.Gather.EnableBokehSettings:0       ; no bokeh simulation when gathering]]
[2024.10.08-09.31.34:781][  0]LogConfig: Setting CVar [[r.DOF.Gather.RingCount:4                 ; medium number of samples when gathering]]
[2024.10.08-09.31.34:781][  0]LogConfig: Setting CVar [[r.DOF.Scatter.ForegroundCompositing:1    ; additive foreground scattering]]
[2024.10.08-09.31.34:781][  0]LogConfig: Setting CVar [[r.DOF.Scatter.BackgroundCompositing:2    ; additive background scattering]]
[2024.10.08-09.31.34:781][  0]LogConfig: Setting CVar [[r.DOF.Scatter.EnableBokehSettings:1      ; bokeh simulation when scattering]]
[2024.10.08-09.31.34:781][  0]LogConfig: Setting CVar [[r.DOF.Scatter.MaxSpriteRatio:0.1         ; only a maximum of 10% of scattered bokeh]]
[2024.10.08-09.31.34:781][  0]LogConfig: Setting CVar [[r.DOF.Recombine.Quality:1                ; cheap slight out of focus]]
[2024.10.08-09.31.34:781][  0]LogConfig: Setting CVar [[r.DOF.Recombine.EnableBokehSettings:0    ; no bokeh simulation on slight out of focus]]
[2024.10.08-09.31.34:781][  0]LogConfig: Setting CVar [[r.DOF.TemporalAAQuality:1                ; more stable temporal accumulation]]
[2024.10.08-09.31.34:781][  0]LogConfig: Setting CVar [[r.DOF.Kernel.MaxForegroundRadius:0.025]]
[2024.10.08-09.31.34:781][  0]LogConfig: Setting CVar [[r.DOF.Kernel.MaxBackgroundRadius:0.025]]
[2024.10.08-09.31.34:781][  0]LogConfig: Applying CVar settings from Section [TextureQuality@3] File [C:/Users/letsg/Documents/GitHub/Runner/Runner/Saved/Config/Windows/Scalability.ini]
[2024.10.08-09.31.34:782][  0]LogConfig: Setting CVar [[r.Streaming.MipBias:0]]
[2024.10.08-09.31.34:782][  0]LogConfig: Setting CVar [[r.Streaming.AmortizeCPUToGPUCopy:0]]
[2024.10.08-09.31.34:782][  0]LogConfig: Setting CVar [[r.Streaming.MaxNumTexturesToStreamPerFrame:0]]
[2024.10.08-09.31.34:782][  0]LogConfig: Setting CVar [[r.Streaming.Boost:1]]
[2024.10.08-09.31.34:782][  0]LogConfig: Setting CVar [[r.MaxAnisotropy:8]]
[2024.10.08-09.31.34:782][  0]LogConfig: Setting CVar [[r.VT.MaxAnisotropy:8]]
[2024.10.08-09.31.34:782][  0]LogConfig: Setting CVar [[r.Streaming.LimitPoolSizeToVRAM:0]]
[2024.10.08-09.31.34:782][  0]LogConfig: Setting CVar [[r.Streaming.PoolSize:1000]]
[2024.10.08-09.31.34:782][  0]LogConfig: Setting CVar [[r.Streaming.MaxEffectiveScreenSize:0]]
[2024.10.08-09.31.34:782][  0]LogConfig: Applying CVar settings from Section [EffectsQuality@3] File [C:/Users/letsg/Documents/GitHub/Runner/Runner/Saved/Config/Windows/Scalability.ini]
[2024.10.08-09.31.34:782][  0]LogConfig: Setting CVar [[r.TranslucencyLightingVolumeDim:64]]
[2024.10.08-09.31.34:782][  0]LogConfig: Setting CVar [[r.RefractionQuality:2]]
[2024.10.08-09.31.34:782][  0]LogConfig: Setting CVar [[r.SSR.Quality:3]]
[2024.10.08-09.31.34:782][  0]LogConfig: Setting CVar [[r.SSR.HalfResSceneColor:0]]
[2024.10.08-09.31.34:782][  0]LogConfig: Setting CVar [[r.SceneColorFormat:4]]
[2024.10.08-09.31.34:782][  0]LogConfig: Setting CVar [[r.DetailMode:2]]
[2024.10.08-09.31.34:782][  0]LogConfig: Setting CVar [[r.TranslucencyVolumeBlur:1]]
[2024.10.08-09.31.34:782][  0]LogConfig: Setting CVar [[r.MaterialQualityLevel:1 ; High quality]]
[2024.10.08-09.31.34:782][  0]LogConfig: Setting CVar [[r.AnisotropicMaterials:1]]
[2024.10.08-09.31.34:782][  0]LogConfig: Setting CVar [[r.SSS.Scale:1]]
[2024.10.08-09.31.34:782][  0]LogConfig: Setting CVar [[r.SSS.SampleSet:2]]
[2024.10.08-09.31.34:782][  0]LogConfig: Setting CVar [[r.SSS.Quality:1]]
[2024.10.08-09.31.34:782][  0]LogConfig: Setting CVar [[r.SSS.HalfRes:0]]
[2024.10.08-09.31.34:782][  0]LogConfig: Setting CVar [[r.SSGI.Quality:3]]
[2024.10.08-09.31.34:782][  0]LogConfig: Setting CVar [[r.EmitterSpawnRateScale:1.0]]
[2024.10.08-09.31.34:782][  0]LogConfig: Setting CVar [[r.ParticleLightQuality:2]]
[2024.10.08-09.31.34:782][  0]LogConfig: Setting CVar [[r.SkyAtmosphere.AerialPerspectiveLUT.FastApplyOnOpaque:1 ; Always have FastSkyLUT 1 in this case to avoid wrong sky]]
[2024.10.08-09.31.34:782][  0]LogConfig: Setting CVar [[r.SkyAtmosphere.AerialPerspectiveLUT.SampleCountMaxPerSlice:4]]
[2024.10.08-09.31.34:782][  0]LogConfig: Setting CVar [[r.SkyAtmosphere.AerialPerspectiveLUT.DepthResolution:16.0]]
[2024.10.08-09.31.34:782][  0]LogConfig: Setting CVar [[r.SkyAtmosphere.FastSkyLUT:1]]
[2024.10.08-09.31.34:782][  0]LogConfig: Setting CVar [[r.SkyAtmosphere.FastSkyLUT.SampleCountMin:4.0]]
[2024.10.08-09.31.34:782][  0]LogConfig: Setting CVar [[r.SkyAtmosphere.FastSkyLUT.SampleCountMax:128.0]]
[2024.10.08-09.31.34:782][  0]LogConfig: Setting CVar [[r.SkyAtmosphere.SampleCountMin:4.0]]
[2024.10.08-09.31.34:782][  0]LogConfig: Setting CVar [[r.SkyAtmosphere.SampleCountMax:128.0]]
[2024.10.08-09.31.34:782][  0]LogConfig: Setting CVar [[r.SkyAtmosphere.TransmittanceLUT.UseSmallFormat:0]]
[2024.10.08-09.31.34:782][  0]LogConfig: Setting CVar [[r.SkyAtmosphere.TransmittanceLUT.SampleCount:10.0]]
[2024.10.08-09.31.34:782][  0]LogConfig: Setting CVar [[r.SkyAtmosphere.MultiScatteringLUT.SampleCount:15.0]]
[2024.10.08-09.31.34:782][  0]LogConfig: Setting CVar [[r.SkyLight.RealTimeReflectionCapture:1]]
[2024.10.08-09.31.34:782][  0]LogConfig: Applying CVar settings from Section [FoliageQuality@3] File [C:/Users/letsg/Documents/GitHub/Runner/Runner/Saved/Config/Windows/Scalability.ini]
[2024.10.08-09.31.34:782][  0]LogConfig: Setting CVar [[foliage.DensityScale:1.0]]
[2024.10.08-09.31.34:782][  0]LogConfig: Setting CVar [[grass.DensityScale:1.0]]
[2024.10.08-09.31.34:782][  0]LogConfig: Applying CVar settings from Section [ShadingQuality@3] File [C:/Users/letsg/Documents/GitHub/Runner/Runner/Saved/Config/Windows/Scalability.ini]
[2024.10.08-09.31.34:782][  0]LogConfig: Setting CVar [[r.HairStrands.SkyLighting.IntegrationType:2]]
[2024.10.08-09.31.34:783][  0]LogConfig: Setting CVar [[r.HairStrands.SkyAO.SampleCount:4]]
[2024.10.08-09.31.34:783][  0]LogConfig: Setting CVar [[r.HairStrands.Visibility.MSAA.SamplePerPixel:4]]
[2024.10.08-09.31.34:783][  0]LogConfig: Applying CVar settings from Section [Startup] File [../../../Engine/Config/ConsoleVariables.ini]
[2024.10.08-09.31.34:802][  0]LogConfig: Setting CVar [[net.UseAdaptiveNetUpdateFrequency:0]]
[2024.10.08-09.31.34:802][  0]LogConfig: Setting CVar [[p.chaos.AllowCreatePhysxBodies:1]]
[2024.10.08-09.31.34:802][  0]LogConfig: Setting CVar [[fx.SkipVectorVMBackendOptimizations:1]]
[2024.10.08-09.31.34:802][  0]LogConfig: Applying CVar settings from Section [ConsoleVariables] File [C:/Users/letsg/Documents/GitHub/Runner/Runner/Saved/Config/Windows/Engine.ini]
[2024.10.08-09.31.34:802][  0]LogConfig: Applying CVar settings from Section [ConsoleVariables] File [C:/Users/letsg/Documents/GitHub/Runner/Runner/Saved/Config/Windows/Editor.ini]
[2024.10.08-09.31.34:838][  0]LogInit: Computer: DESKTOP-PBO0RPM
[2024.10.08-09.31.34:838][  0]LogInit: User: letsg
[2024.10.08-09.31.34:839][  0]LogInit: CPU Page size=4096, Cores=4
[2024.10.08-09.31.34:839][  0]LogInit: High frequency timer resolution =10.000000 MHz
[2024.10.08-09.31.34:839][  0]LogMemory: Memory total: Physical=31.9GB (32GB approx)
[2024.10.08-09.31.34:839][  0]LogMemory: Platform Memory Stats for Windows
[2024.10.08-09.31.34:839][  0]LogMemory: Process Physical Memory: 143.80 MB used, 143.81 MB peak
[2024.10.08-09.31.34:839][  0]LogMemory: Process Virtual Memory: 128.21 MB used, 128.21 MB peak
[2024.10.08-09.31.34:839][  0]LogMemory: Physical Memory: 13050.79 MB used,  19594.55 MB free, 32645.34 MB total
[2024.10.08-09.31.34:839][  0]LogMemory: Virtual Memory: 134197456.00 MB used,  20269.66 MB free, 134217728.00 MB total
[2024.10.08-09.31.34:850][  0]LogWindows: WindowsPlatformFeatures enabled
[2024.10.08-09.31.35:710][  0]LogInit: Physics initialised using underlying interface: PhysX
[2024.10.08-09.31.35:747][  0]LogInit: Using OS detected language (ru-RU).
[2024.10.08-09.31.35:748][  0]LogInit: Using OS detected locale (ru-RU).
[2024.10.08-09.31.35:838][  0]LogTextLocalizationManager: No specific localization for 'ru-RU' exists, so the 'ru' localization will be used.
[2024.10.08-09.31.35:838][  0]LogTextLocalizationResource: LocRes '../../../Engine/Content/Localization/Editor/ru/Editor.locres' could not be opened for reading!
[2024.10.08-09.31.35:838][  0]LogTextLocalizationResource: LocRes '../../../Engine/Content/Localization/EditorTutorials/ru/EditorTutorials.locres' could not be opened for reading!
[2024.10.08-09.31.35:838][  0]LogTextLocalizationResource: LocRes '../../../Engine/Content/Localization/Keywords/ru/Keywords.locres' could not be opened for reading!
[2024.10.08-09.31.35:839][  0]LogTextLocalizationResource: LocRes '../../../Engine/Content/Localization/Category/ru/Category.locres' could not be opened for reading!
[2024.10.08-09.31.35:839][  0]LogTextLocalizationResource: LocRes '../../../Engine/Content/Localization/ToolTips/ru/ToolTips.locres' could not be opened for reading!
[2024.10.08-09.31.35:840][  0]LogTextLocalizationResource: LocRes '../../../Engine/Content/Localization/PropertyNames/ru/PropertyNames.locres' could not be opened for reading!
[2024.10.08-09.31.35:840][  0]LogTextLocalizationResource: LocRes '../../../Engine/Content/Localization/Engine/ru/Engine.locres' could not be opened for reading!
[2024.10.08-09.31.35:914][  0]LogInit: Setting process to per monitor DPI aware
[2024.10.08-09.31.36:276][  0]LogWindowsTextInputMethodSystem: Display: IME system deactivated.
[2024.10.08-09.31.36:717][  0]LogSlate: New Slate User Created.  User Index 0, Is Virtual User: 0
[2024.10.08-09.31.36:717][  0]LogSlate: Slate User Registered.  User Index 0, Is Virtual User: 0
[2024.10.08-09.31.41:019][  0]LogD3D11RHI: Loaded GFSDK_Aftermath_Lib.x64.dll
[2024.10.08-09.31.41:060][  0]LogHMD: Failed to initialize OpenVR with code 110
[2024.10.08-09.31.41:060][  0]LogD3D11RHI: D3D11 min allowed feature level: 11_0
[2024.10.08-09.31.41:060][  0]LogD3D11RHI: D3D11 max allowed feature level: 11_0
[2024.10.08-09.31.41:060][  0]LogD3D11RHI: D3D11 adapters:
[2024.10.08-09.31.41:258][  0]LogD3D11RHI:    0. 'NVIDIA GeForce GTX 960' (Feature Level 11_0)
[2024.10.08-09.31.41:258][  0]LogD3D11RHI:       1995/0/16322 MB DedicatedVideo/DedicatedSystem/SharedSystem, Outputs:1, VendorId:0x10de
[2024.10.08-09.31.41:304][  0]LogD3D11RHI:    1. 'Intel(R) HD Graphics 530' (Feature Level 11_0)
[2024.10.08-09.31.41:304][  0]LogD3D11RHI:       128/0/16322 MB DedicatedVideo/DedicatedSystem/SharedSystem, Outputs:0, VendorId:0x8086
[2024.10.08-09.31.41:307][  0]LogD3D11RHI:    2. 'Microsoft Basic Render Driver' (Feature Level 11_0)
[2024.10.08-09.31.41:307][  0]LogD3D11RHI:       0/0/16322 MB DedicatedVideo/DedicatedSystem/SharedSystem, Outputs:0, VendorId:0x1414
[2024.10.08-09.31.41:307][  0]LogD3D11RHI: Chosen D3D11 Adapter:
[2024.10.08-09.31.41:308][  0]LogD3D11RHI:     Description : NVIDIA GeForce GTX 960
[2024.10.08-09.31.41:308][  0]LogD3D11RHI:     VendorId    : 10de
[2024.10.08-09.31.41:308][  0]LogD3D11RHI:     DeviceId    : 1401
[2024.10.08-09.31.41:308][  0]LogD3D11RHI:     SubSysId    : 36bd1458
[2024.10.08-09.31.41:308][  0]LogD3D11RHI:     Revision    : 00a1
[2024.10.08-09.31.41:308][  0]LogD3D11RHI:     DedicatedVideoMemory : 2092105728 bytes
[2024.10.08-09.31.41:308][  0]LogD3D11RHI:     DedicatedSystemMemory : 0 bytes
[2024.10.08-09.31.41:308][  0]LogD3D11RHI:     SharedSystemMemory : 17115559936 bytes
[2024.10.08-09.31.41:308][  0]LogD3D11RHI:     AdapterLuid : 0 73893
[2024.10.08-09.31.41:316][  0]LogD3D11RHI: Creating new Direct3DDevice
[2024.10.08-09.31.41:316][  0]LogD3D11RHI:     GPU DeviceId: 0x1401 (for the marketing name, search the web for "GPU Device Id")
[2024.10.08-09.31.41:316][  0]LogWindows: EnumDisplayDevices:
[2024.10.08-09.31.41:316][  0]LogWindows:    0. 'Intel(R) HD Graphics 530' (P:1 D:1)
[2024.10.08-09.31.41:316][  0]LogWindows:    1. 'Intel(R) HD Graphics 530' (P:0 D:0)
[2024.10.08-09.31.41:317][  0]LogWindows:    2. 'Intel(R) HD Graphics 530' (P:0 D:0)
[2024.10.08-09.31.41:317][  0]LogWindows:    3. 'NVIDIA GeForce GTX 960' (P:0 D:0)
[2024.10.08-09.31.41:317][  0]LogWindows:    4. 'NVIDIA GeForce GTX 960' (P:0 D:0)
[2024.10.08-09.31.41:318][  0]LogWindows:    5. 'NVIDIA GeForce GTX 960' (P:0 D:0)
[2024.10.08-09.31.41:318][  0]LogWindows:    6. 'NVIDIA GeForce GTX 960' (P:0 D:0)
[2024.10.08-09.31.41:318][  0]LogWindows: DebugString: PrimaryIsNotTheChoosenAdapter PrimaryIsNotTheChoosenAdapter PrimaryIsNotTheChoosenAdapter FoundDriverCount:4 
[2024.10.08-09.31.41:318][  0]LogD3D11RHI:     Adapter Name: NVIDIA GeForce GTX 960
[2024.10.08-09.31.41:319][  0]LogD3D11RHI:   Driver Version: 552.22 (internal:31.0.15.5222, unified:552.22)
[2024.10.08-09.31.41:319][  0]LogD3D11RHI:      Driver Date: 4-11-2024
[2024.10.08-09.31.41:319][  0]LogRHI: Texture pool is 1396 MB (70% of 1995 MB)
[2024.10.08-09.31.41:319][  0]LogD3D11RHI: Creating D3DDevice using adapter:
[2024.10.08-09.31.41:319][  0]LogD3D11RHI:     Description : NVIDIA GeForce GTX 960
[2024.10.08-09.31.41:319][  0]LogD3D11RHI:     VendorId    : 10de
[2024.10.08-09.31.41:319][  0]LogD3D11RHI:     DeviceId    : 1401
[2024.10.08-09.31.41:319][  0]LogD3D11RHI:     SubSysId    : 36bd1458
[2024.10.08-09.31.41:319][  0]LogD3D11RHI:     Revision    : 00a1
[2024.10.08-09.31.41:319][  0]LogD3D11RHI:     DedicatedVideoMemory : 2092105728 bytes
[2024.10.08-09.31.41:319][  0]LogD3D11RHI:     DedicatedSystemMemory : 0 bytes
[2024.10.08-09.31.41:319][  0]LogD3D11RHI:     SharedSystemMemory : 17115559936 bytes
[2024.10.08-09.31.41:319][  0]LogD3D11RHI:     AdapterLuid : 0 73893
[2024.10.08-09.31.41:459][  0]LogD3D11RHI: RHI has support for 64 bit atomics
[2024.10.08-09.31.41:460][  0]LogD3D11RHI: Async texture creation enabled
[2024.10.08-09.31.41:460][  0]LogD3D11RHI: Array index from any shader is supported
[2024.10.08-09.31.41:832][  0]LogD3D11RHI: GPU Timing Frequency: 1000.000000 (Debug: 2 1)
[2024.10.08-09.31.42:076][  0]LogRHI: GeForceNow SDK initialized: 1
[2024.10.08-09.31.43:440][  0]LogTargetPlatformManager: Display: Loaded TargetPlatform 'AllDesktop'
[2024.10.08-09.31.43:532][  0]LogTargetPlatformManager: Display: Loaded TargetPlatform 'Android'
[2024.10.08-09.31.43:532][  0]LogTargetPlatformManager: Display: Loaded TargetPlatform 'Android_ASTC'
[2024.10.08-09.31.43:532][  0]LogTargetPlatformManager: Display: Loaded TargetPlatform 'Android_DXT'
[2024.10.08-09.31.43:532][  0]LogTargetPlatformManager: Display: Loaded TargetPlatform 'Android_ETC2'
[2024.10.08-09.31.43:532][  0]LogTargetPlatformManager: Display: Loaded TargetPlatform 'AndroidClient'
[2024.10.08-09.31.43:532][  0]LogTargetPlatformManager: Display: Loaded TargetPlatform 'Android_ASTCClient'
[2024.10.08-09.31.43:532][  0]LogTargetPlatformManager: Display: Loaded TargetPlatform 'Android_DXTClient'
[2024.10.08-09.31.43:532][  0]LogTargetPlatformManager: Display: Loaded TargetPlatform 'Android_ETC2Client'
[2024.10.08-09.31.43:532][  0]LogTargetPlatformManager: Display: Loaded TargetPlatform 'Android_Multi'
[2024.10.08-09.31.43:532][  0]LogTargetPlatformManager: Display: Loaded TargetPlatform 'Android_MultiClient'
[2024.10.08-09.31.43:674][  0]LogTargetPlatformManager: Display: Loaded TargetPlatform 'IOSClient'
[2024.10.08-09.31.43:674][  0]LogTargetPlatformManager: Display: Loaded TargetPlatform 'IOS'
[2024.10.08-09.31.43:752][  0]LogTargetPlatformManager: Display: Loaded TargetPlatform 'Linux'
[2024.10.08-09.31.43:800][  0]LogTargetPlatformManager: Display: Loaded TargetPlatform 'LinuxNoEditor'
[2024.10.08-09.31.43:838][  0]LogTargetPlatformManager: Display: Loaded TargetPlatform 'LinuxClient'
[2024.10.08-09.31.43:876][  0]LogTargetPlatformManager: Display: Loaded TargetPlatform 'LinuxServer'
[2024.10.08-09.31.43:927][  0]LogTargetPlatformManager: Display: Loaded TargetPlatform 'LinuxAArch64NoEditor'
[2024.10.08-09.31.43:960][  0]LogTargetPlatformManager: Display: Loaded TargetPlatform 'LinuxAArch64Client'
[2024.10.08-09.31.43:993][  0]LogTargetPlatformManager: Display: Loaded TargetPlatform 'LinuxAArch64Server'
[2024.10.08-09.31.44:063][  0]LogTargetPlatformManager: Display: Loaded TargetPlatform 'Lumin'
[2024.10.08-09.31.44:063][  0]LogTargetPlatformManager: Display: Loaded TargetPlatform 'LuminClient'
[2024.10.08-09.31.44:131][  0]LogTargetPlatformManager: Display: Loaded TargetPlatform 'MacNoEditor'
[2024.10.08-09.31.44:166][  0]LogTargetPlatformManager: Display: Loaded TargetPlatform 'Mac'
[2024.10.08-09.31.44:204][  0]LogTargetPlatformManager: Display: Loaded TargetPlatform 'MacClient'
[2024.10.08-09.31.44:234][  0]LogTargetPlatformManager: Display: Loaded TargetPlatform 'MacServer'
[2024.10.08-09.31.44:271][  0]LogTargetPlatformManager: Display: Loaded TargetPlatform 'TVOSClient'
[2024.10.08-09.31.44:271][  0]LogTargetPlatformManager: Display: Loaded TargetPlatform 'TVOS'
[2024.10.08-09.31.44:326][  0]LogTargetPlatformManager: Display: Loaded TargetPlatform 'WindowsNoEditor'
[2024.10.08-09.31.44:371][  0]LogTargetPlatformManager: Display: Loaded TargetPlatform 'Windows'
[2024.10.08-09.31.44:414][  0]LogTargetPlatformManager: Display: Loaded TargetPlatform 'WindowsClient'
[2024.10.08-09.31.44:462][  0]LogTargetPlatformManager: Display: Loaded TargetPlatform 'WindowsServer'
[2024.10.08-09.31.44:462][  0]LogTargetPlatformManager: Display: Building Assets For Windows
[2024.10.08-09.31.44:683][  0]LogAudioDebug: Display: Lib vorbis DLL was dynamically loaded.
[2024.10.08-09.31.45:190][  0]LogTextureFormatOodle: Display: Oodle Texture 2.9.0 init RDO Off
[2024.10.08-09.31.46:065][  0]LogRendererCore: Ray tracing is disabled. Reason: r.RayTracing=0.
[2024.10.08-09.31.46:105][  0]LogShaderCompilers: Guid format shader working directory is 0 characters bigger than the processId version (C:/Users/letsg/Documents/GitHub/Runner/Runner/Intermediate/Shaders/WorkingDirectory/12860/).
[2024.10.08-09.31.46:106][  0]LogShaderCompilers: Cleaned the shader compiler working directory 'C:/Users/letsg/AppData/Local/Temp/UnrealShaderWorkingDir/5C6144554FE24A3525BF02904ED5AB4C/'.
[2024.10.08-09.31.46:108][  0]LogXGEController: Cannot use XGE Controller as Incredibuild is not installed on this machine.
[2024.10.08-09.31.46:108][  0]LogShaderCompilers: Cannot use XGE Shader Compiler as Incredibuild is not installed on this machine.
[2024.10.08-09.31.46:108][  0]LogShaderCompilers: Display: Using Local Shader Compiler.
[2024.10.08-09.31.52:599][  0]LogDerivedDataCache: Display: Max Cache Size: 512 MB
[2024.10.08-09.31.52:837][  0]LogDerivedDataCache: Loaded boot cache 0.23s 94MB C:/Users/letsg/AppData/Local/UnrealEngine/4.27/DerivedDataCache/Boot.ddc.
[2024.10.08-09.31.52:837][  0]LogDerivedDataCache: Display: Loaded Boot cache: C:/Users/letsg/AppData/Local/UnrealEngine/4.27/DerivedDataCache/Boot.ddc
[2024.10.08-09.31.52:837][  0]LogDerivedDataCache: FDerivedDataBackendGraph:  Pak pak cache file C:/Users/letsg/Documents/GitHub/Runner/Runner/DerivedDataCache/DDC.ddp not found, will not use a pak cache.
[2024.10.08-09.31.52:837][  0]LogDerivedDataCache: Unable to find inner node Pak for hierarchical cache Hierarchy.
[2024.10.08-09.31.52:837][  0]LogDerivedDataCache: FDerivedDataBackendGraph:  CompressedPak pak cache file C:/Users/letsg/Documents/GitHub/Runner/Runner/DerivedDataCache/Compressed.ddp not found, will not use a pak cache.
[2024.10.08-09.31.52:837][  0]LogDerivedDataCache: Unable to find inner node CompressedPak for hierarchical cache Hierarchy.
[2024.10.08-09.31.52:924][  0]LogDerivedDataCache: Display: Pak cache opened for reading ../../../Engine/DerivedDataCache/Compressed.ddp.
[2024.10.08-09.31.52:924][  0]LogDerivedDataCache: FDerivedDataBackendGraph:  EnterprisePak pak cache file ../../../Enterprise/DerivedDataCache/Compressed.ddp not found, will not use a pak cache.
[2024.10.08-09.31.52:924][  0]LogDerivedDataCache: Unable to find inner node EnterprisePak for hierarchical cache Hierarchy.
[2024.10.08-09.31.52:946][  0]LogDerivedDataCache: Speed tests for C:/Users/letsg/AppData/Local/UnrealEngine/Common/DerivedDataCache took 0.02 seconds
[2024.10.08-09.31.52:946][  0]LogDerivedDataCache: Display: Performance to C:/Users/letsg/AppData/Local/UnrealEngine/Common/DerivedDataCache: Latency=0.25ms. RandomReadSpeed=87.58MBs, RandomWriteSpeed=115.33MBs. Assigned SpeedClass 'Local'
[2024.10.08-09.31.52:946][  0]LogDerivedDataCache: Using Local data cache path C:/Users/letsg/AppData/Local/UnrealEngine/Common/DerivedDataCache: Writable
[2024.10.08-09.31.52:947][  0]LogDerivedDataCache: Shared data cache path not found in *engine.ini, will not use an Shared cache.
[2024.10.08-09.31.52:947][  0]LogDerivedDataCache: Unable to find inner node Shared for hierarchical cache Hierarchy.
[2024.10.08-09.31.53:107][  0]LogSlate: Using FreeType 2.10.0
[2024.10.08-09.31.53:206][  0]LogSlate: SlateFontServices - WITH_FREETYPE: 1, WITH_HARFBUZZ: 1
[2024.10.08-09.31.54:505][  0]LogAssetRegistry: FAssetRegistry took 0.0270 seconds to start up
[2024.10.08-09.31.59:033][  0]LogInit: Selected Device Profile: [Windows]
[2024.10.08-09.31.59:033][  0]LogInit: Active device profile: [0000019082535400][00000190822BC180 49] Windows
[2024.10.08-09.31.59:033][  0]LogInit: Profiles: [0000019082535400][00000190822BC180 49] Windows, [00000190824DE800][00000190822C4300 49] WindowsNoEditor, [0000019082537100][00000190822C8480 49] WindowsServer, [00000190824C7F00][00000190822C05C0 49] WindowsClient, [00000190824DFA00][00000190822CC700 49] IOS, [00000190824C7200][00000190822D0840 49] iPadAir, [00000190824DDE00][00000190822D4980 49] iPadAir2, [0000019082484500][00000190822E0C40 49] IPadPro, [0000019082484600][00000190822DCC80 49] iPadAir3, [00000190824C5A00][00000190822E4E00 49] iPadAir4, [0000019082485300][00000190822E8F80 49] iPadMini2, [00000190824C7D00][00000190822ED100 49] iPadMini3, [0000019082487200][00000190822F1280 49] iPadMini4, [00000190824C7E00][00000190822F5400 49] iPadMini5, [0000019082483D00][00000190822FD6C0 49] iPhone6, [0000019082483E00][00000190822F9700 49] iPodTouch6, [0000019082536600][00000190823059C0 49] iPhone7, [0000019082536700][0000019082301A00 49] iPodTouch7, [0000019082480600][0000019082309B80 49] iPhone5S, [0000019082486F00][000001908230C180 49] iPhone6Plus, [0000019082482000][0000019082310300 49] iPhone6S, [0000019082485000][0000019082314480 49] iPhone6SPlus, [0000019082480A00][0000019082318600 49] iPhone7Plus, [0000019082487E00][00000190822D8740 49] iPhoneSE, [0000019082536400][000001908231C880 49] iPhone8, [0000019082486C00][00000190823209C0 49] iPhone8Plus, [0000019082535E00][0000019082324B00 49] iPhoneX, [0000019082485400][000001908232CC80 49] iPhoneXS, [0000019082534100][0000019082330E00 49] iPhoneXSMax, [0000019082487800][0000019082334F80 49] iPhoneXR, [0000019082535900][0000019082339100 49] iPhone11, [0000019082485B00][000001908233D280 49] iPhone11Pro, [0000019082536500][0000019082341400 49] iPhone11ProMax, [0000019082485900][0000019082345580 49] iPhoneSE2, [0000019082534800][0000019082349700 49] iPhone12Mini, [0000019082486100][000001908234D880 49] iPhone12, [0000019082536E00][0000019082351A00 49] iPhone12Pro, [0000019082484900][0000019082355B80 49] iPhone12ProMax, [0000019082537A00][0000019082358180 49] iPadPro105, [0000019082487900][000001908235C300 49] iPadPro129, [0000019082534400][0000019082360480 49] iPadPro97, [0000019082487400][0000019082364600 49] iPadPro2_129, [0000019082535D00][0000019082368780 49] iPad5, [0000019082484E00][000001908236C900 49] iPad6, [0000019082536F00][0000019082328A40 49] iPad7, [0000019082486B00][0000019082370B80 49] iPad8, [0000019082537500][0000019082374CC0 49] iPadPro11, [0000019082487700][000001908237CE40 49] iPadPro2_11, [0000019082535800][0000019082380FC0 49] iPadPro3_129, [0000019082487100][0000019082385140 49] iPadPro4_129, [0000019082535300][00000190823892C0 49] AppleTV, [0000019082485200][000001908238D440 49] AppleTV4K, [0000019082536000][00000190823915C0 49] TVOS, [0000019082484200][0000019082395740 49] Mac, [0000019082535000][00000190823998C0 49] MacClient, [0000019082486800][000001908239DA40 49] MacNoEditor, [0000019082535C00][00000190823A1BC0 49] MacServer, [0000019082486600][00000190823A41C0 49] Linux, [0000019082534900][00000190823A8340 49] LinuxAArch64, [0000019082487D00][00000190823AC4C0 49] LinuxNoEditor, [0000019082534A00][00000190823B0640 49] LinuxAArch64NoEditor, [0000019082486D00][00000190823B47C0 49] LinuxClient, [0000019082535B00][00000190823B8940 49] LinuxAArch64Client, [0000019082486A00][00000190823BCAC0 49] LinuxServer, [0000019082537200][0000019082378C00 49] LinuxAArch64Server, [0000019082487600][00000190823C0D40 49] Android, [0000019082534C00][00000190823C4E80 49] Android_Low, [00000190824C6900][00000190823C8FC0 49] Android_Mid, [0000019082482700][00000190823D1140 49] Android_High, [00000190824C5000][00000190823D52C0 49] Android_Default, [0000019082481E00][00000190823D9440 49] Android_Adreno4xx, [00000190824C4500][00000190823DD5C0 49] Android_Adreno5xx_Low, [0000019082482F00][00000190823E1740 49] Android_Adreno5xx, [00000190824C5D00][00000190823E58C0 49] Android_Adreno6xx, [0000019082480E00][00000190823E9A40 49] Android_Adreno6xx_Vulkan, [00000190824C5100][00000190823EDBC0 49] Android_Mali_T6xx, [0000019082481700][00000190823F01C0 49] Android_Mali_T7xx, [00000190824C6100][00000190823F4340 49] Android_Mali_T8xx, [0000019082483B00][00000190823F84C0 49] Android_Mali_G71, [00000190824C6D00][00000190823FC640 49] Android_Mali_G72, [0000019082481400][00000190824007C0 49] Android_Mali_G72_Vulkan, [00000190824C4F00][0000019082404940 49] Android_Mali_G76, [0000019082481100][0000019082408AC0 49] Android_Mali_G76_Vulkan, [00000190824C6A00][000001908240CC40 49] Android_Mali_G77, [0000019082480B00][00000190823CCD80 49] Android_Mali_G77_Vulkan, [00000190824C7600][00000190F32F2EC0 49] Android_Mali_G78, [0000019082483200][00000190F32F7000 49] Android_Mali_G78_Vulkan, [00000190824C5B00][00000190F32FB140 49] Android_Mali_G710, [0000019082482500][00000190F33032C0 49] Android_Mali_G710_Vulkan, [00000190824C6B00][00000190F3307440 49] Android_Vulkan_SM5, [0000019082483100][00000190F330B5C0 49] Android_PowerVR_G6xxx, [00000190824C4800][00000190F330F740 49] Android_PowerVR_GT7xxx, [0000019082481900][00000190F33138C0 49] Android_PowerVR_GE8xxx, [00000190824C6C00][00000190F3317A40 49] Android_PowerVR_GM9xxx, [0000019082481A00][00000190F331BBC0 49] Android_PowerVR_GM9xxx_Vulkan, [00000190824C6500][00000190E7AF41C0 49] Android_TegraK1, [0000019082483C00][00000190E7AF8340 49] Android_Unknown_Vulkan, [00000190824C4D00][00000190E7AFC4C0 49] Lumin, [0000019082481800][00000190E7B00640 49] Lumin_Desktop, [00000190824C7300][00000190E7B047C0 49] HoloLens, 
[2024.10.08-09.32.00:886][  0]LogMeshReduction: Using QuadricMeshReduction for automatic static mesh reduction
[2024.10.08-09.32.00:886][  0]LogMeshReduction: Using SimplygonMeshReduction for automatic skeletal mesh reduction
[2024.10.08-09.32.00:886][  0]LogMeshReduction: Using ProxyLODMeshReduction for automatic mesh merging
[2024.10.08-09.32.00:886][  0]LogMeshReduction: No distributed automatic mesh merging module available
[2024.10.08-09.32.00:887][  0]LogMeshMerging: No distributed automatic mesh merging module available
[2024.10.08-09.32.01:344][  0]LogNetVersion: Runner 1.0.0, NetCL: 17155196, EngineNetVer: 17, GameNetVer: 0 (Checksum: 729465407)
[2024.10.08-09.32.11:078][  0]LogTexture: Default maximum texture size for cubemaps generated from long-lat sources has been changed from 512 to unlimited. In order to preserve old behaiour for '/Engine/MapTemplates/Sky/DaylightAmbientCubemap.DaylightAmbientCubemap', its maximum texture size has been explicitly set to 512.
[2024.10.08-09.32.11:646][  0]LogHMD: PokeAHoleMaterial loaded successfully
[2024.10.08-09.32.11:694][  0]LogUObjectArray: 17178 objects as part of root set at end of initial load.
[2024.10.08-09.32.11:694][  0]LogUObjectAllocator: 4302048 out of 0 bytes used by permanent object pool.
[2024.10.08-09.32.11:694][  0]LogUObjectArray: CloseDisregardForGC: 0/0 objects in disregard for GC pool
[2024.10.08-09.32.14:481][  0]LogTcpMessaging: Initializing TcpMessaging bridge
[2024.10.08-09.32.14:547][  0]LogUdpMessaging: Initializing bridge on interface 0.0.0.0:0 to multicast group 230.0.0.1:6666.
[2024.10.08-09.32.16:866][  0]LogNiagaraDebuggerClient: Niagara Debugger Client Initialized | Session: C2E8893E4F8E3B5E7E27538E4315D362 | Instance: B88B82014B2FA4FEB1F354BDA46D9544 (DESKTOP-PBO0RPM-12860).
[2024.10.08-09.32.18:912][  0]LogPython: Using Python 3.7.7
[2024.10.08-09.32.24:010][  0]SourceControl: Source control is disabled
[2024.10.08-09.32.24:010][  0]SourceControl: Source control is disabled
[2024.10.08-09.32.24:113][  0]SourceControl: Source control is disabled
[2024.10.08-09.32.24:169][  0]SourceControl: Source control is disabled
[2024.10.08-09.32.24:246][  0]SourceControl: Source control is disabled
[2024.10.08-09.32.24:317][  0]LogUProjectInfo: Found projects:
[2024.10.08-09.32.26:466][  0]LogOpenImageDenoise: OIDN starting up
[2024.10.08-09.32.26:845][  0]LogAndroidPermission: UAndroidPermissionCallbackProxy::GetInstance
[2024.10.08-09.32.27:073][  0]LogAudioCaptureCore: Display: No Audio Capture implementations found. Audio input will be silent.
[2024.10.08-09.32.27:073][  0]LogAudioCaptureCore: Display: No Audio Capture implementations found. Audio input will be silent.
[2024.10.08-09.32.28:555][  0]LogCollectionManager: Loaded 0 collections in 0.001404 seconds
[2024.10.08-09.32.28:865][  0]LogFileCache: Scanning file cache for directory 'C:/Users/letsg/Documents/GitHub/Runner/Runner/Saved/Collections/' took 0.01s
[2024.10.08-09.32.28:865][  0]LogFileCache: Scanning file cache for directory 'C:/Users/letsg/Documents/GitHub/Runner/Runner/Content/Developers/letsg/Collections/' took 0.00s
[2024.10.08-09.32.28:865][  0]LogFileCache: Scanning file cache for directory 'C:/Users/letsg/Documents/GitHub/Runner/Runner/Content/Collections/' took 0.00s
[2024.10.08-09.32.28:865][  0]LogOcInput: OculusInput pre-init called
[2024.10.08-09.32.30:591][  0]LogEngine: Initializing Engine...
[2024.10.08-09.32.30:751][  0]LogHMD: Failed to enumerate extensions. Please check that you have a valid OpenXR runtime installed.
[2024.10.08-09.32.30:751][  0]LogHMD: Failed to initialize OpenVR with code 110
[2024.10.08-09.32.30:761][  0]LogMagicLeap: Warning: VR disabled because ZI is not enabled.  To enable, in the editor, Edit -> Project Settings -> Plugins -> Magic Leap Plugin -> Enable Zero Iteration
[2024.10.08-09.32.30:790][  0]LogStats: UGameplayTagsManager::InitializeManager -  0.002 s
[2024.10.08-09.32.31:522][  0]LogInit: Initializing FReadOnlyCVARCache
[2024.10.08-09.32.31:917][  0]LogAIModule: Creating AISystem for world Untitled
[2024.10.08-09.32.31:957][  0]LogAudio: Display: Initializing Audio Device Manager...
[2024.10.08-09.32.32:013][  0]LogAudio: Display: Loading Default Audio Settings Objects...
[2024.10.08-09.32.32:033][  0]LogAudio: Display: No default SoundConcurrencyObject specified (or failed to load).
[2024.10.08-09.32.32:058][  0]LogAudio: Display: Audio Device Manager Initialized
[2024.10.08-09.32.32:058][  0]LogAudio: Display: Creating Audio Device:                 Id: 1, Scope: Shared, Realtime: True
[2024.10.08-09.32.32:064][  0]LogAudioMixer: Display: Audio Mixer Platform Settings:
[2024.10.08-09.32.32:064][  0]LogAudioMixer: Display: 	Sample Rate:						  48000
[2024.10.08-09.32.32:064][  0]LogAudioMixer: Display: 	Callback Buffer Frame Size Requested: 1024
[2024.10.08-09.32.32:064][  0]LogAudioMixer: Display: 	Callback Buffer Frame Size To Use:	  1024
[2024.10.08-09.32.32:064][  0]LogAudioMixer: Display: 	Number of buffers to queue:			  2
[2024.10.08-09.32.32:064][  0]LogAudioMixer: Display: 	Max Channels (voices):				  32
[2024.10.08-09.32.32:064][  0]LogAudioMixer: Display: 	Number of Async Source Workers:		  0
[2024.10.08-09.32.32:064][  0]LogAudio: Display: AudioDevice MaxSources: 32
[2024.10.08-09.32.32:088][  0]LogAudio: Display: Audio Spatialization Plugin: None (built-in).
[2024.10.08-09.32.32:088][  0]LogAudio: Display: Audio Reverb Plugin: None (built-in).
[2024.10.08-09.32.32:088][  0]LogAudio: Display: Audio Occlusion Plugin: None (built-in).
[2024.10.08-09.32.32:088][  0]LogAudioMixer: Display: Initializing audio mixer.
[2024.10.08-09.32.32:251][  0]LogAudioMixer: Display: 0: FrontLeft
[2024.10.08-09.32.32:251][  0]LogAudioMixer: Display: 1: FrontRight
[2024.10.08-09.32.32:275][  0]LogAudioMixer: Display: Using Audio Device Динамики (Realtek High Definition Audio)
[2024.10.08-09.32.32:322][  0]LogAudioMixer: Display: Initializing Sound Submixes...
[2024.10.08-09.32.32:403][  0]LogAudioMixer: Display: Creating Master Submix 'MasterSubmixDefault'
[2024.10.08-09.32.32:404][  0]LogAudioMixer: Display: Creating Master Submix 'MasterReverbSubmixDefault'
[2024.10.08-09.32.32:406][  0]LogAudioMixer: Display: Creating Master Submix 'MasterEQSubmixDefault'
[2024.10.08-09.32.32:406][  0]LogAudioMixer: FMixerPlatformXAudio2::StartAudioStream() called
[2024.10.08-09.32.32:406][  0]LogAudioMixer: Display: Output buffers initialized: Frames=1024, Channels=2, Samples=2048
[2024.10.08-09.32.32:408][  0]LogAudioMixer: Display: Starting AudioMixerPlatformInterface::RunInternal()
[2024.10.08-09.32.32:408][  0]LogAudioMixer: Display: FMixerPlatformXAudio2::SubmitBuffer() called for the first time
[2024.10.08-09.32.32:408][  0]LogInit: FAudioDevice initialized.
[2024.10.08-09.32.32:415][  0]LogAudio: Display: Audio Device (ID: 1) registered with world 'Untitled'.
[2024.10.08-09.32.32:415][  0]LogNetVersion: Set ProjectVersion to 1.0.0.0. Version Checksum will be recalculated on next use.
[2024.10.08-09.32.32:511][  0]LogDerivedDataCache: Saved boot cache 0.10s 94MB C:/Users/letsg/AppData/Local/UnrealEngine/4.27/DerivedDataCache/Boot.ddc.
[2024.10.08-09.32.32:511][  0]LogInit: Texture streaming: Enabled
[2024.10.08-09.32.32:681][  0]LogAnalytics: Display: [UEEditor.Rocket.Release] APIServer = https://datarouter.ol.epicgames.com/. AppVersion = 4.27.2-18319896+++UE4+Release-4.27
[2024.10.08-09.32.32:719][  0]LogEngineSessionManager: EngineSessionManager initialized
[2024.10.08-09.32.32:730][  0]LogEditorSessionSummary: Verbose: Initializing EditorSessionSummaryWriter for editor session tracking
[2024.10.08-09.32.32:767][  0]LogEditorSessionSummary: EditorSessionSummaryWriter initialized
[2024.10.08-09.32.33:234][  0]LogInit: Transaction tracking system initialized
[2024.10.08-09.32.33:609][  0]BlueprintLog: New page: Editor Load
[2024.10.08-09.32.34:851][  0]LocalizationService: Localization service is disabled
[2024.10.08-09.32.35:400][  0]TimingProfiler: Initialize
[2024.10.08-09.32.35:401][  0]TimingProfiler: OnSessionChanged
[2024.10.08-09.32.35:401][  0]LoadingProfiler: Initialize
[2024.10.08-09.32.35:402][  0]LoadingProfiler: OnSessionChanged
[2024.10.08-09.32.35:402][  0]NetworkingProfiler: Initialize
[2024.10.08-09.32.35:402][  0]NetworkingProfiler: OnSessionChanged
[2024.10.08-09.32.35:402][  0]MemoryProfiler: Initialize
[2024.10.08-09.32.35:402][  0]MemoryProfiler: OnSessionChanged
[2024.10.08-09.32.38:371][  0]LogFileCache: Scanning file cache for directory 'C:/Users/letsg/Documents/GitHub/Runner/Runner/Content/' took 0.01s
[2024.10.08-09.32.38:371][  0]LogCook: Display: CookSettings for Memory: MemoryMaxUsedVirtual 0MiB, MemoryMaxUsedPhysical 16384MiB, MemoryMinFreeVirtual 0MiB, MemoryMinFreePhysical 1024MiB
[2024.10.08-09.32.38:371][  0]LogCook: Display: Mobile HDR setting 1
[2024.10.08-09.32.42:927][  0]LogInit: Display: Engine is initialized. Leaving FEngineLoop::Init()
[2024.10.08-09.32.43:052][  0]SourceControl: Source control is disabled
[2024.10.08-09.32.43:061][  0]LogUnrealEdMisc: Loading editor; pre map load, took 102.860
[2024.10.08-09.32.43:105][  0]Cmd: MAP LOAD FILE="C:/Users/letsg/Documents/GitHub/Runner/Runner/Content/ThirdPersonBP/Maps/ThirdPersonExampleMap.umap" TEMPLATE=0 SHOWPROGRESS=1 FEATURELEVEL=3
[2024.10.08-09.32.43:116][  0]LightingResults: New page: Lighting Build
[2024.10.08-09.32.43:175][  0]LogWorld: UWorld::CleanupWorld for Untitled, bSessionEnded=true, bCleanupResources=true
[2024.10.08-09.32.43:210][  0]LogSlate: InvalidateAllWidgets triggered.  All widgets were invalidated
[2024.10.08-09.32.43:256][  0]MapCheck: New page: Map Check
[2024.10.08-09.32.43:257][  0]LightingResults: New page: Lighting Build
[2024.10.08-09.32.43:430][  0]LogAudio: Display: Audio Device unregistered from world 'None'.
[2024.10.08-09.32.43:508][  0]LogUObjectHash: Compacting FUObjectHashTables data took   1.36ms
[2024.10.08-09.32.44:983][  0]LogAudio: Display: Audio Device (ID: 1) registered with world 'ThirdPersonExampleMap'.
[2024.10.08-09.32.44:995][  0]LogAIModule: Creating AISystem for world ThirdPersonExampleMap
[2024.10.08-09.32.45:499][  0]LogEditorServer: Finished looking for orphan Actors (0.000 secs)
[2024.10.08-09.32.45:576][  0]LogUObjectHash: Compacting FUObjectHashTables data took   1.16ms
[2024.10.08-09.32.45:598][  0]Cmd: MAP CHECKDEP NOCLEARLOG
[2024.10.08-09.32.45:605][  0]MapCheck: Map check complete: 0 Error(s), 0 Warning(s), took 6,969ms to complete.
[2024.10.08-09.32.45:605][  0]LogFileHelpers: Loading map 'ThirdPersonExampleMap' took 2.514
[2024.10.08-09.32.46:226][  0]LogUnrealEdMisc: Total Editor Startup Time, took 106.025
[2024.10.08-09.32.46:987][  0]LogSlate: Updating window title bar state: overlay mode, drag disabled, window buttons hidden, title bar hidden
[2024.10.08-09.32.46:999][  0]LogSlate: Updating window title bar state: overlay mode, drag disabled, window buttons hidden, title bar hidden
[2024.10.08-09.32.47:009][  0]LogSlate: Updating window title bar state: overlay mode, drag disabled, window buttons hidden, title bar hidden
[2024.10.08-09.32.47:017][  0]LogSlate: Updating window title bar state: overlay mode, drag disabled, window buttons hidden, title bar hidden
[2024.10.08-09.32.47:975][  0]LogNativeClassHierarchy: Verbose: Native class hierarchy populated in 0.0116 seconds. Added 3822 classes and 928 folders.
[2024.10.08-09.32.48:044][  0]LogNativeClassHierarchy: Verbose: Native class hierarchy updated for 'WidgetCarousel' in 0.0004 seconds. Added 0 classes and 0 folders.
[2024.10.08-09.32.48:140][  0]LogPakFile: PakFile PrimaryIndexSize=187
[2024.10.08-09.32.48:140][  0]LogPakFile: PakFile PathHashIndexSize=101
[2024.10.08-09.32.48:140][  0]LogPakFile: PakFile FullDirectoryIndexSize=148
[2024.10.08-09.32.48:140][  0]LogShaderLibrary: Display: ShaderCodeLibraryPakFileMountedCallback: PakFile 'D:/UE_4.27/FeaturePacks/FP_FirstPerson.upack' (chunk index -1, root 'root:/') mounted
[2024.10.08-09.32.48:140][  0]LogShaderLibrary: Display: ShaderCodeLibraryPakFileMountedCallback: pending pak file info (ChunkID:-1 Root:root:/ File:D:/UE_4.27/FeaturePacks/FP_FirstPerson.upack)
[2024.10.08-09.32.48:140][  0]LogPakFile: OnPakFileMounted2Time == 0.000092
[2024.10.08-09.32.48:182][  0]LogPakFile: PakFile PrimaryIndexSize=189
[2024.10.08-09.32.48:182][  0]LogPakFile: PakFile PathHashIndexSize=101
[2024.10.08-09.32.48:182][  0]LogPakFile: PakFile FullDirectoryIndexSize=152
[2024.10.08-09.32.48:182][  0]LogShaderLibrary: Display: ShaderCodeLibraryPakFileMountedCallback: PakFile 'D:/UE_4.27/FeaturePacks/FP_FirstPersonBP.upack' (chunk index -1, root 'root:/') mounted
[2024.10.08-09.32.48:182][  0]LogShaderLibrary: Display: ShaderCodeLibraryPakFileMountedCallback: pending pak file info (ChunkID:-1 Root:root:/ File:D:/UE_4.27/FeaturePacks/FP_FirstPersonBP.upack)
[2024.10.08-09.32.48:182][  0]LogPakFile: OnPakFileMounted2Time == 0.000079
[2024.10.08-09.32.48:219][  0]LogPakFile: PakFile PrimaryIndexSize=191
[2024.10.08-09.32.48:219][  0]LogPakFile: PakFile PathHashIndexSize=101
[2024.10.08-09.32.48:219][  0]LogPakFile: PakFile FullDirectoryIndexSize=160
[2024.10.08-09.32.48:219][  0]LogShaderLibrary: Display: ShaderCodeLibraryPakFileMountedCallback: PakFile 'D:/UE_4.27/FeaturePacks/MobileStarterContent.upack' (chunk index -1, root 'root:/') mounted
[2024.10.08-09.32.48:219][  0]LogShaderLibrary: Display: ShaderCodeLibraryPakFileMountedCallback: pending pak file info (ChunkID:-1 Root:root:/ File:D:/UE_4.27/FeaturePacks/MobileStarterContent.upack)
[2024.10.08-09.32.48:219][  0]LogPakFile: OnPakFileMounted2Time == 0.000095
[2024.10.08-09.32.48:246][  0]LogPakFile: PakFile PrimaryIndexSize=185
[2024.10.08-09.32.48:246][  0]LogPakFile: PakFile PathHashIndexSize=101
[2024.10.08-09.32.48:246][  0]LogPakFile: PakFile FullDirectoryIndexSize=148
[2024.10.08-09.32.48:246][  0]LogShaderLibrary: Display: ShaderCodeLibraryPakFileMountedCallback: PakFile 'D:/UE_4.27/FeaturePacks/StarterContent.upack' (chunk index -1, root 'root:/') mounted
[2024.10.08-09.32.48:246][  0]LogShaderLibrary: Display: ShaderCodeLibraryPakFileMountedCallback: pending pak file info (ChunkID:-1 Root:root:/ File:D:/UE_4.27/FeaturePacks/StarterContent.upack)
[2024.10.08-09.32.48:246][  0]LogPakFile: OnPakFileMounted2Time == 0.000076
[2024.10.08-09.32.48:267][  0]LogPakFile: PakFile PrimaryIndexSize=190
[2024.10.08-09.32.48:267][  0]LogPakFile: PakFile PathHashIndexSize=101
[2024.10.08-09.32.48:267][  0]LogPakFile: PakFile FullDirectoryIndexSize=154
[2024.10.08-09.32.48:267][  0]LogShaderLibrary: Display: ShaderCodeLibraryPakFileMountedCallback: PakFile 'D:/UE_4.27/FeaturePacks/TP_2DSideScroller.upack' (chunk index -1, root 'root:/') mounted
[2024.10.08-09.32.48:267][  0]LogShaderLibrary: Display: ShaderCodeLibraryPakFileMountedCallback: pending pak file info (ChunkID:-1 Root:root:/ File:D:/UE_4.27/FeaturePacks/TP_2DSideScroller.upack)
[2024.10.08-09.32.48:267][  0]LogPakFile: OnPakFileMounted2Time == 0.000077
[2024.10.08-09.32.48:279][  0]LogPakFile: PakFile PrimaryIndexSize=192
[2024.10.08-09.32.48:279][  0]LogPakFile: PakFile PathHashIndexSize=101
[2024.10.08-09.32.48:279][  0]LogPakFile: PakFile FullDirectoryIndexSize=158
[2024.10.08-09.32.48:279][  0]LogShaderLibrary: Display: ShaderCodeLibraryPakFileMountedCallback: PakFile 'D:/UE_4.27/FeaturePacks/TP_2DSideScrollerBP.upack' (chunk index -1, root 'root:/') mounted
[2024.10.08-09.32.48:279][  0]LogShaderLibrary: Display: ShaderCodeLibraryPakFileMountedCallback: pending pak file info (ChunkID:-1 Root:root:/ File:D:/UE_4.27/FeaturePacks/TP_2DSideScrollerBP.upack)
[2024.10.08-09.32.48:279][  0]LogPakFile: OnPakFileMounted2Time == 0.000097
[2024.10.08-09.32.48:286][  0]LogPakFile: PakFile PrimaryIndexSize=182
[2024.10.08-09.32.48:287][  0]LogPakFile: PakFile PathHashIndexSize=101
[2024.10.08-09.32.48:287][  0]LogPakFile: PakFile FullDirectoryIndexSize=138
[2024.10.08-09.32.48:287][  0]LogShaderLibrary: Display: ShaderCodeLibraryPakFileMountedCallback: PakFile 'D:/UE_4.27/FeaturePacks/TP_Flying.upack' (chunk index -1, root 'root:/') mounted
[2024.10.08-09.32.48:287][  0]LogShaderLibrary: Display: ShaderCodeLibraryPakFileMountedCallback: pending pak file info (ChunkID:-1 Root:root:/ File:D:/UE_4.27/FeaturePacks/TP_Flying.upack)
[2024.10.08-09.32.48:287][  0]LogPakFile: OnPakFileMounted2Time == 0.000046
[2024.10.08-09.32.48:311][  0]LogPakFile: PakFile PrimaryIndexSize=184
[2024.10.08-09.32.48:312][  0]LogPakFile: PakFile PathHashIndexSize=101
[2024.10.08-09.32.48:312][  0]LogPakFile: PakFile FullDirectoryIndexSize=142
[2024.10.08-09.32.48:312][  0]LogShaderLibrary: Display: ShaderCodeLibraryPakFileMountedCallback: PakFile 'D:/UE_4.27/FeaturePacks/TP_FlyingBP.upack' (chunk index -1, root 'root:/') mounted
[2024.10.08-09.32.48:312][  0]LogShaderLibrary: Display: ShaderCodeLibraryPakFileMountedCallback: pending pak file info (ChunkID:-1 Root:root:/ File:D:/UE_4.27/FeaturePacks/TP_FlyingBP.upack)
[2024.10.08-09.32.48:312][  0]LogPakFile: OnPakFileMounted2Time == 0.000069
[2024.10.08-09.32.48:343][  0]LogPakFile: PakFile PrimaryIndexSize=188
[2024.10.08-09.32.48:343][  0]LogPakFile: PakFile PathHashIndexSize=101
[2024.10.08-09.32.48:343][  0]LogPakFile: PakFile FullDirectoryIndexSize=150
[2024.10.08-09.32.48:343][  0]LogShaderLibrary: Display: ShaderCodeLibraryPakFileMountedCallback: PakFile 'D:/UE_4.27/FeaturePacks/TP_HandheldARBP.upack' (chunk index -1, root 'root:/') mounted
[2024.10.08-09.32.48:343][  0]LogShaderLibrary: Display: ShaderCodeLibraryPakFileMountedCallback: pending pak file info (ChunkID:-1 Root:root:/ File:D:/UE_4.27/FeaturePacks/TP_HandheldARBP.upack)
[2024.10.08-09.32.48:343][  0]LogPakFile: OnPakFileMounted2Time == 0.000085
[2024.10.08-09.32.48:371][  0]LogPakFile: PakFile PrimaryIndexSize=182
[2024.10.08-09.32.48:371][  0]LogPakFile: PakFile PathHashIndexSize=101
[2024.10.08-09.32.48:371][  0]LogPakFile: PakFile FullDirectoryIndexSize=138
[2024.10.08-09.32.48:371][  0]LogShaderLibrary: Display: ShaderCodeLibraryPakFileMountedCallback: PakFile 'D:/UE_4.27/FeaturePacks/TP_Puzzle.upack' (chunk index -1, root 'root:/') mounted
[2024.10.08-09.32.48:371][  0]LogShaderLibrary: Display: ShaderCodeLibraryPakFileMountedCallback: pending pak file info (ChunkID:-1 Root:root:/ File:D:/UE_4.27/FeaturePacks/TP_Puzzle.upack)
[2024.10.08-09.32.48:371][  0]LogPakFile: OnPakFileMounted2Time == 0.000072
[2024.10.08-09.32.48:381][  0]LogPakFile: PakFile PrimaryIndexSize=184
[2024.10.08-09.32.48:381][  0]LogPakFile: PakFile PathHashIndexSize=101
[2024.10.08-09.32.48:381][  0]LogPakFile: PakFile FullDirectoryIndexSize=142
[2024.10.08-09.32.48:381][  0]LogShaderLibrary: Display: ShaderCodeLibraryPakFileMountedCallback: PakFile 'D:/UE_4.27/FeaturePacks/TP_PuzzleBP.upack' (chunk index -1, root 'root:/') mounted
[2024.10.08-09.32.48:381][  0]LogShaderLibrary: Display: ShaderCodeLibraryPakFileMountedCallback: pending pak file info (ChunkID:-1 Root:root:/ File:D:/UE_4.27/FeaturePacks/TP_PuzzleBP.upack)
[2024.10.08-09.32.48:381][  0]LogPakFile: OnPakFileMounted2Time == 0.000080
[2024.10.08-09.32.48:392][  0]LogPakFile: PakFile PrimaryIndexSize=183
[2024.10.08-09.32.48:392][  0]LogPakFile: PakFile PathHashIndexSize=101
[2024.10.08-09.32.48:392][  0]LogPakFile: PakFile FullDirectoryIndexSize=140
[2024.10.08-09.32.48:392][  0]LogShaderLibrary: Display: ShaderCodeLibraryPakFileMountedCallback: PakFile 'D:/UE_4.27/FeaturePacks/TP_Rolling.upack' (chunk index -1, root 'root:/') mounted
[2024.10.08-09.32.48:392][  0]LogShaderLibrary: Display: ShaderCodeLibraryPakFileMountedCallback: pending pak file info (ChunkID:-1 Root:root:/ File:D:/UE_4.27/FeaturePacks/TP_Rolling.upack)
[2024.10.08-09.32.48:392][  0]LogPakFile: OnPakFileMounted2Time == 0.000051
[2024.10.08-09.32.48:414][  0]LogPakFile: PakFile PrimaryIndexSize=185
[2024.10.08-09.32.48:414][  0]LogPakFile: PakFile PathHashIndexSize=101
[2024.10.08-09.32.48:414][  0]LogPakFile: PakFile FullDirectoryIndexSize=144
[2024.10.08-09.32.48:414][  0]LogShaderLibrary: Display: ShaderCodeLibraryPakFileMountedCallback: PakFile 'D:/UE_4.27/FeaturePacks/TP_RollingBP.upack' (chunk index -1, root 'root:/') mounted
[2024.10.08-09.32.48:414][  0]LogShaderLibrary: Display: ShaderCodeLibraryPakFileMountedCallback: pending pak file info (ChunkID:-1 Root:root:/ File:D:/UE_4.27/FeaturePacks/TP_RollingBP.upack)
[2024.10.08-09.32.48:414][  0]LogPakFile: OnPakFileMounted2Time == 0.000064
[2024.10.08-09.32.48:424][  0]LogPakFile: PakFile PrimaryIndexSize=188
[2024.10.08-09.32.48:424][  0]LogPakFile: PakFile PathHashIndexSize=101
[2024.10.08-09.32.48:424][  0]LogPakFile: PakFile FullDirectoryIndexSize=150
[2024.10.08-09.32.48:424][  0]LogShaderLibrary: Display: ShaderCodeLibraryPakFileMountedCallback: PakFile 'D:/UE_4.27/FeaturePacks/TP_SideScroller.upack' (chunk index -1, root 'root:/') mounted
[2024.10.08-09.32.48:424][  0]LogShaderLibrary: Display: ShaderCodeLibraryPakFileMountedCallback: pending pak file info (ChunkID:-1 Root:root:/ File:D:/UE_4.27/FeaturePacks/TP_SideScroller.upack)
[2024.10.08-09.32.48:424][  0]LogPakFile: OnPakFileMounted2Time == 0.000049
[2024.10.08-09.32.48:434][  0]LogPakFile: PakFile PrimaryIndexSize=190
[2024.10.08-09.32.48:434][  0]LogPakFile: PakFile PathHashIndexSize=101
[2024.10.08-09.32.48:434][  0]LogPakFile: PakFile FullDirectoryIndexSize=154
[2024.10.08-09.32.48:434][  0]LogShaderLibrary: Display: ShaderCodeLibraryPakFileMountedCallback: PakFile 'D:/UE_4.27/FeaturePacks/TP_SideScrollerBP.upack' (chunk index -1, root 'root:/') mounted
[2024.10.08-09.32.48:434][  0]LogShaderLibrary: Display: ShaderCodeLibraryPakFileMountedCallback: pending pak file info (ChunkID:-1 Root:root:/ File:D:/UE_4.27/FeaturePacks/TP_SideScrollerBP.upack)
[2024.10.08-09.32.48:434][  0]LogPakFile: OnPakFileMounted2Time == 0.000072
[2024.10.08-09.32.48:443][  0]LogPakFile: PakFile PrimaryIndexSize=187
[2024.10.08-09.32.48:443][  0]LogPakFile: PakFile PathHashIndexSize=101
[2024.10.08-09.32.48:443][  0]LogPakFile: PakFile FullDirectoryIndexSize=148
[2024.10.08-09.32.48:444][  0]LogShaderLibrary: Display: ShaderCodeLibraryPakFileMountedCallback: PakFile 'D:/UE_4.27/FeaturePacks/TP_ThirdPerson.upack' (chunk index -1, root 'root:/') mounted
[2024.10.08-09.32.48:444][  0]LogShaderLibrary: Display: ShaderCodeLibraryPakFileMountedCallback: pending pak file info (ChunkID:-1 Root:root:/ File:D:/UE_4.27/FeaturePacks/TP_ThirdPerson.upack)
[2024.10.08-09.32.48:444][  0]LogPakFile: OnPakFileMounted2Time == 0.000071
[2024.10.08-09.32.48:454][  0]LogPakFile: PakFile PrimaryIndexSize=189
[2024.10.08-09.32.48:454][  0]LogPakFile: PakFile PathHashIndexSize=101
[2024.10.08-09.32.48:454][  0]LogPakFile: PakFile FullDirectoryIndexSize=152
[2024.10.08-09.32.48:454][  0]LogShaderLibrary: Display: ShaderCodeLibraryPakFileMountedCallback: PakFile 'D:/UE_4.27/FeaturePacks/TP_ThirdPersonBP.upack' (chunk index -1, root 'root:/') mounted
[2024.10.08-09.32.48:454][  0]LogShaderLibrary: Display: ShaderCodeLibraryPakFileMountedCallback: pending pak file info (ChunkID:-1 Root:root:/ File:D:/UE_4.27/FeaturePacks/TP_ThirdPersonBP.upack)
[2024.10.08-09.32.48:454][  0]LogPakFile: OnPakFileMounted2Time == 0.000047
[2024.10.08-09.32.48:465][  0]LogPakFile: PakFile PrimaryIndexSize=183
[2024.10.08-09.32.48:465][  0]LogPakFile: PakFile PathHashIndexSize=101
[2024.10.08-09.32.48:465][  0]LogPakFile: PakFile FullDirectoryIndexSize=140
[2024.10.08-09.32.48:465][  0]LogShaderLibrary: Display: ShaderCodeLibraryPakFileMountedCallback: PakFile 'D:/UE_4.27/FeaturePacks/TP_TopDown.upack' (chunk index -1, root 'root:/') mounted
[2024.10.08-09.32.48:465][  0]LogShaderLibrary: Display: ShaderCodeLibraryPakFileMountedCallback: pending pak file info (ChunkID:-1 Root:root:/ File:D:/UE_4.27/FeaturePacks/TP_TopDown.upack)
[2024.10.08-09.32.48:465][  0]LogPakFile: OnPakFileMounted2Time == 0.000109
[2024.10.08-09.32.48:475][  0]LogPakFile: PakFile PrimaryIndexSize=185
[2024.10.08-09.32.48:475][  0]LogPakFile: PakFile PathHashIndexSize=101
[2024.10.08-09.32.48:475][  0]LogPakFile: PakFile FullDirectoryIndexSize=144
[2024.10.08-09.32.48:475][  0]LogShaderLibrary: Display: ShaderCodeLibraryPakFileMountedCallback: PakFile 'D:/UE_4.27/FeaturePacks/TP_TopDownBP.upack' (chunk index -1, root 'root:/') mounted
[2024.10.08-09.32.48:475][  0]LogShaderLibrary: Display: ShaderCodeLibraryPakFileMountedCallback: pending pak file info (ChunkID:-1 Root:root:/ File:D:/UE_4.27/FeaturePacks/TP_TopDownBP.upack)
[2024.10.08-09.32.48:475][  0]LogPakFile: OnPakFileMounted2Time == 0.000049
[2024.10.08-09.32.48:488][  0]LogPakFile: PakFile PrimaryIndexSize=185
[2024.10.08-09.32.48:488][  0]LogPakFile: PakFile PathHashIndexSize=101
[2024.10.08-09.32.48:488][  0]LogPakFile: PakFile FullDirectoryIndexSize=144
[2024.10.08-09.32.48:488][  0]LogShaderLibrary: Display: ShaderCodeLibraryPakFileMountedCallback: PakFile 'D:/UE_4.27/FeaturePacks/TP_TwinStick.upack' (chunk index -1, root 'root:/') mounted
[2024.10.08-09.32.48:488][  0]LogShaderLibrary: Display: ShaderCodeLibraryPakFileMountedCallback: pending pak file info (ChunkID:-1 Root:root:/ File:D:/UE_4.27/FeaturePacks/TP_TwinStick.upack)
[2024.10.08-09.32.48:488][  0]LogPakFile: OnPakFileMounted2Time == 0.000062
[2024.10.08-09.32.48:510][  0]LogPakFile: PakFile PrimaryIndexSize=187
[2024.10.08-09.32.48:510][  0]LogPakFile: PakFile PathHashIndexSize=101
[2024.10.08-09.32.48:510][  0]LogPakFile: PakFile FullDirectoryIndexSize=148
[2024.10.08-09.32.48:510][  0]LogShaderLibrary: Display: ShaderCodeLibraryPakFileMountedCallback: PakFile 'D:/UE_4.27/FeaturePacks/TP_TwinStickBP.upack' (chunk index -1, root 'root:/') mounted
[2024.10.08-09.32.48:510][  0]LogShaderLibrary: Display: ShaderCodeLibraryPakFileMountedCallback: pending pak file info (ChunkID:-1 Root:root:/ File:D:/UE_4.27/FeaturePacks/TP_TwinStickBP.upack)
[2024.10.08-09.32.48:510][  0]LogPakFile: OnPakFileMounted2Time == 0.000047
[2024.10.08-09.32.48:518][  0]LogPakFile: PakFile PrimaryIndexSize=183
[2024.10.08-09.32.48:518][  0]LogPakFile: PakFile PathHashIndexSize=101
[2024.10.08-09.32.48:518][  0]LogPakFile: PakFile FullDirectoryIndexSize=140
[2024.10.08-09.32.48:518][  0]LogShaderLibrary: Display: ShaderCodeLibraryPakFileMountedCallback: PakFile 'D:/UE_4.27/FeaturePacks/TP_Vehicle.upack' (chunk index -1, root 'root:/') mounted
[2024.10.08-09.32.48:518][  0]LogShaderLibrary: Display: ShaderCodeLibraryPakFileMountedCallback: pending pak file info (ChunkID:-1 Root:root:/ File:D:/UE_4.27/FeaturePacks/TP_Vehicle.upack)
[2024.10.08-09.32.48:518][  0]LogPakFile: OnPakFileMounted2Time == 0.000047
[2024.10.08-09.32.48:536][  0]LogPakFile: PakFile PrimaryIndexSize=186
[2024.10.08-09.32.48:536][  0]LogPakFile: PakFile PathHashIndexSize=101
[2024.10.08-09.32.48:536][  0]LogPakFile: PakFile FullDirectoryIndexSize=146
[2024.10.08-09.32.48:536][  0]LogShaderLibrary: Display: ShaderCodeLibraryPakFileMountedCallback: PakFile 'D:/UE_4.27/FeaturePacks/TP_VehicleAdv.upack' (chunk index -1, root 'root:/') mounted
[2024.10.08-09.32.48:536][  0]LogShaderLibrary: Display: ShaderCodeLibraryPakFileMountedCallback: pending pak file info (ChunkID:-1 Root:root:/ File:D:/UE_4.27/FeaturePacks/TP_VehicleAdv.upack)
[2024.10.08-09.32.48:536][  0]LogPakFile: OnPakFileMounted2Time == 0.000073
[2024.10.08-09.32.48:546][  0]LogPakFile: PakFile PrimaryIndexSize=188
[2024.10.08-09.32.48:547][  0]LogPakFile: PakFile PathHashIndexSize=101
[2024.10.08-09.32.48:547][  0]LogPakFile: PakFile FullDirectoryIndexSize=150
[2024.10.08-09.32.48:547][  0]LogShaderLibrary: Display: ShaderCodeLibraryPakFileMountedCallback: PakFile 'D:/UE_4.27/FeaturePacks/TP_VehicleAdvBP.upack' (chunk index -1, root 'root:/') mounted
[2024.10.08-09.32.48:547][  0]LogShaderLibrary: Display: ShaderCodeLibraryPakFileMountedCallback: pending pak file info (ChunkID:-1 Root:root:/ File:D:/UE_4.27/FeaturePacks/TP_VehicleAdvBP.upack)
[2024.10.08-09.32.48:547][  0]LogPakFile: OnPakFileMounted2Time == 0.000093
[2024.10.08-09.32.48:557][  0]LogPakFile: PakFile PrimaryIndexSize=185
[2024.10.08-09.32.48:557][  0]LogPakFile: PakFile PathHashIndexSize=101
[2024.10.08-09.32.48:557][  0]LogPakFile: PakFile FullDirectoryIndexSize=144
[2024.10.08-09.32.48:557][  0]LogShaderLibrary: Display: ShaderCodeLibraryPakFileMountedCallback: PakFile 'D:/UE_4.27/FeaturePacks/TP_VehicleBP.upack' (chunk index -1, root 'root:/') mounted
[2024.10.08-09.32.48:557][  0]LogShaderLibrary: Display: ShaderCodeLibraryPakFileMountedCallback: pending pak file info (ChunkID:-1 Root:root:/ File:D:/UE_4.27/FeaturePacks/TP_VehicleBP.upack)
[2024.10.08-09.32.48:557][  0]LogPakFile: OnPakFileMounted2Time == 0.000095
[2024.10.08-09.32.48:569][  0]LogPakFile: PakFile PrimaryIndexSize=192
[2024.10.08-09.32.48:569][  0]LogPakFile: PakFile PathHashIndexSize=101
[2024.10.08-09.32.48:569][  0]LogPakFile: PakFile FullDirectoryIndexSize=158
[2024.10.08-09.32.48:569][  0]LogShaderLibrary: Display: ShaderCodeLibraryPakFileMountedCallback: PakFile 'D:/UE_4.27/FeaturePacks/TP_VirtualRealityBP.upack' (chunk index -1, root 'root:/') mounted
[2024.10.08-09.32.48:569][  0]LogShaderLibrary: Display: ShaderCodeLibraryPakFileMountedCallback: pending pak file info (ChunkID:-1 Root:root:/ File:D:/UE_4.27/FeaturePacks/TP_VirtualRealityBP.upack)
[2024.10.08-09.32.48:569][  0]LogPakFile: OnPakFileMounted2Time == 0.000077
[2024.10.08-09.32.50:180][  0]LogNativeClassHierarchy: Verbose: Native class hierarchy updated for 'AddContentDialog' in 0.0003 seconds. Added 0 classes and 0 folders.
[2024.10.08-09.32.52:271][  0]LogSlate: Only BGRA pngs, bmps or icos are supported in by External Image Picker
[2024.10.08-09.32.52:594][  0]LogSlate: Took 0.021809 seconds to synchronously load lazily loaded font '../../../Engine/Content/Slate/Fonts/Roboto-Regular.ttf' (155K)
[2024.10.08-09.32.52:630][  0]LogSlate: Took 0.023243 seconds to synchronously load lazily loaded font '../../../Engine/Content/Editor/Slate/Fonts/FontAwesome.ttf' (139K)
[2024.10.08-09.32.52:662][  0]LogSlate: Took 0.023150 seconds to synchronously load lazily loaded font '../../../Engine/Content/Slate/Fonts/Roboto-Bold.ttf' (160K)
[2024.10.08-09.32.52:711][  0]LogSlate: Took 0.017394 seconds to synchronously load lazily loaded font '../../../Engine/Content/Slate/Fonts/DroidSansMono.ttf' (77K)
[2024.10.08-09.32.53:221][  0]LogRenderer: Reallocating scene render targets to support 1072x540 Format 10 NumSamples 1 (Frame:1).
[2024.10.08-09.32.53:811][  0]LogNativeClassHierarchy: Verbose: Native class hierarchy updated for 'HierarchicalLODOutliner' in 0.0004 seconds. Added 0 classes and 0 folders.
[2024.10.08-09.32.53:811][  0]LogInput: Warning: Action Jump uses invalid key OculusGo_Left_Trigger_Click.
[2024.10.08-09.32.53:811][  0]LogInput: Warning: Action ResetVR uses invalid key OculusGo_Left_Trackpad_Click.
[2024.10.08-09.32.53:811][  0]LogInput: Warning: Use -RemoveInvalidKeys to remove instances of these keys from the action mapping.
[2024.10.08-09.32.53:811][  0]LogLoad: (Engine Initialization) Total time: 113.61 seconds
[2024.10.08-09.32.53:811][  0]LogLoad: (Engine Initialization) Total Blueprint compile time: 0.00 seconds
[2024.10.08-09.32.54:109][  0]LogAssetRegistry: Asset discovery search completed in 59.6054 seconds
[2024.10.08-09.32.54:205][  0]LogCollectionManager: Fixed up redirectors for 0 collections in 0.000008 seconds (updated 0 objects)
[2024.10.08-09.32.54:270][  0]LogContentStreaming: Texture pool size now 1000 MB
[2024.10.08-09.32.55:363][  4]LogSlate: Took 0.018773 seconds to synchronously load lazily loaded font '../../../Engine/Content/Slate/Fonts/Roboto-Light.ttf' (167K)
[2024.10.08-09.32.57:015][  9]LogWindowsTextInputMethodSystem: Display: IME system deactivated.
[2024.10.08-09.32.57:015][  9]LogWindowsTextInputMethodSystem: Display: IME system deactivated.
